<?xml version="1.0" encoding="UTF-8"?>
<testsuite xmlns:xsi="http://www.w3.org/2001/XMLSchema-instance" xsi:noNamespaceSchemaLocation="https://maven.apache.org/surefire/maven-surefire-plugin/xsd/surefire-test-report-3.0.xsd" version="3.0" name="CountryApiTest" time="4.073" tests="4" errors="0" skipped="0" failures="0">
  <properties>
[...]
</properties>
  <testcase name="testCountryInfoByNameAPI" classname="CountryApiTest" time="1.932">
    <system-out><![CDATA[Country{name=Name{common='Greece', official='Hellenic Republic', nativeName={ell=NameNative{official='Ελληνική Δημοκρατία', common='Ελλάδα'}}}, currencies={EUR=Currency{name='Euro', symbol='€'}}, capital=[Athens], languages={ell=Greek}, population=10715549, continents=[Europe]}
]]></system-out>
  </testcase>
  <testcase name="testCountryInfoByLanguageAPI" classname="CountryApiTest" time="0.647">
    <system-out><![CDATA[Country{name=Name{common='Cuba', official='Republic of Cuba', nativeName={spa=NameNative{official='República de Cuba', common='Cuba'}}}, currencies={CUC=Currency{name='Cuban convertible peso', symbol='$'}, CUP=Currency{name='Cuban peso', symbol='$'}}, capital=[Havana], languages={spa=Spanish}, population=11326616, continents=[North America]}
Country{name=Name{common='Costa Rica', official='Republic of Costa Rica', nativeName={spa=NameNative{official='República de Costa Rica', common='Costa Rica'}}}, currencies={CRC=Currency{name='Costa Rican colón', symbol='₡'}}, capital=[San José], languages={spa=Spanish}, population=5094114, continents=[North America]}
Country{name=Name{common='Nicaragua', official='Republic of Nicaragua', nativeName={spa=NameNative{official='República de Nicaragua', common='Nicaragua'}}}, currencies={NIO=Currency{name='Nicaraguan córdoba', symbol='C$'}}, capital=[Managua], languages={spa=Spanish}, population=6624554, continents=[North America]}
Country{name=Name{common='Dominican Republic', official='Dominican Republic', nativeName={spa=NameNative{official='República Dominicana', common='República Dominicana'}}}, currencies={DOP=Currency{name='Dominican peso', symbol='$'}}, capital=[Santo Domingo], languages={spa=Spanish}, population=10847904, continents=[North America]}
Country{name=Name{common='Western Sahara', official='Sahrawi Arab Democratic Republic', nativeName={ber=NameNative{official='Sahrawi Arab Democratic Republic', common='Western Sahara'}, mey=NameNative{official='الجمهورية العربية الصحراوية الديمقراطية', common='الصحراء الغربية'}, spa=NameNative{official='República Árabe Saharaui Democrática', common='Sahara Occidental'}}}, currencies={DZD=Currency{name='Algerian dinar', symbol='دج'}, MAD=Currency{name='Moroccan dirham', symbol='DH'}, MRU=Currency{name='Mauritanian ouguiya', symbol='UM'}}, capital=[El Aaiún], languages={ber=Berber, mey=Hassaniya, spa=Spanish}, population=510713, continents=[Africa]}
Country{name=Name{common='Puerto Rico', official='Commonwealth of Puerto Rico', nativeName={eng=NameNative{official='Commonwealth of Puerto Rico', common='Puerto Rico'}, spa=NameNative{official='Estado Libre Asociado de Puerto Rico', common='Puerto Rico'}}}, currencies={USD=Currency{name='United States dollar', symbol='$'}}, capital=[San Juan], languages={eng=English, spa=Spanish}, population=3194034, continents=[North America]}
Country{name=Name{common='Equatorial Guinea', official='Republic of Equatorial Guinea', nativeName={fra=NameNative{official='République de la Guinée Équatoriale', common='Guinée équatoriale'}, por=NameNative{official='República da Guiné Equatorial', common='Guiné Equatorial'}, spa=NameNative{official='República de Guinea Ecuatorial', common='Guinea Ecuatorial'}}}, currencies={XAF=Currency{name='Central African CFA franc', symbol='Fr'}}, capital=[Malabo], languages={fra=French, por=Portuguese, spa=Spanish}, population=1402985, continents=[Africa]}
Country{name=Name{common='Guatemala', official='Republic of Guatemala', nativeName={spa=NameNative{official='República de Guatemala', common='Guatemala'}}}, currencies={GTQ=Currency{name='Guatemalan quetzal', symbol='Q'}}, capital=[Guatemala City], languages={spa=Spanish}, population=16858333, continents=[North America]}
Country{name=Name{common='Peru', official='Republic of Peru', nativeName={aym=NameNative{official='Piruw Suyu', common='Piruw'}, que=NameNative{official='Piruw Ripuwlika', common='Piruw'}, spa=NameNative{official='República del Perú', common='Perú'}}}, currencies={PEN=Currency{name='Peruvian sol', symbol='S/ '}}, capital=[Lima], languages={aym=Aymara, que=Quechua, spa=Spanish}, population=32971846, continents=[South America]}
Country{name=Name{common='Colombia', official='Republic of Colombia', nativeName={spa=NameNative{official='República de Colombia', common='Colombia'}}}, currencies={COP=Currency{name='Colombian peso', symbol='$'}}, capital=[Bogotá], languages={spa=Spanish}, population=50882884, continents=[South America]}
Country{name=Name{common='Ecuador', official='Republic of Ecuador', nativeName={spa=NameNative{official='República del Ecuador', common='Ecuador'}}}, currencies={USD=Currency{name='United States dollar', symbol='$'}}, capital=[Quito], languages={spa=Spanish}, population=17643060, continents=[South America]}
Country{name=Name{common='Venezuela', official='Bolivarian Republic of Venezuela', nativeName={spa=NameNative{official='República Bolivariana de Venezuela', common='Venezuela'}}}, currencies={VES=Currency{name='Venezuelan bolívar soberano', symbol='Bs.S.'}}, capital=[Caracas], languages={spa=Spanish}, population=28435943, continents=[South America]}
Country{name=Name{common='Belize', official='Belize', nativeName={bjz=NameNative{official='Belize', common='Belize'}, eng=NameNative{official='Belize', common='Belize'}, spa=NameNative{official='Belice', common='Belice'}}}, currencies={BZD=Currency{name='Belize dollar', symbol='$'}}, capital=[Belmopan], languages={bjz=Belizean Creole, eng=English, spa=Spanish}, population=397621, continents=[North America]}
Country{name=Name{common='Bolivia', official='Plurinational State of Bolivia', nativeName={aym=NameNative{official='Wuliwya Suyu', common='Wuliwya'}, grn=NameNative{official='Tetã Volívia', common='Volívia'}, que=NameNative{official='Buliwya Mamallaqta', common='Buliwya'}, spa=NameNative{official='Estado Plurinacional de Bolivia', common='Bolivia'}}}, currencies={BOB=Currency{name='Bolivian boliviano', symbol='Bs.'}}, capital=[Sucre], languages={aym=Aymara, grn=Guaraní, que=Quechua, spa=Spanish}, population=11673029, continents=[South America]}
Country{name=Name{common='Guam', official='Guam', nativeName={cha=NameNative{official='Guåhån', common='Guåhån'}, eng=NameNative{official='Guam', common='Guam'}, spa=NameNative{official='Guam', common='Guam'}}}, currencies={USD=Currency{name='United States dollar', symbol='$'}}, capital=[Hagåtña], languages={cha=Chamorro, eng=English, spa=Spanish}, population=168783, continents=[Oceania]}
Country{name=Name{common='Spain', official='Kingdom of Spain', nativeName={spa=NameNative{official='Reino de España', common='España'}}}, currencies={EUR=Currency{name='Euro', symbol='€'}}, capital=[Madrid], languages={spa=Spanish, cat=Catalan, eus=Basque, glc=Galician}, population=47351567, continents=[Europe]}
Country{name=Name{common='Paraguay', official='Republic of Paraguay', nativeName={grn=NameNative{official='Tetã Paraguái', common='Paraguái'}, spa=NameNative{official='República de Paraguay', common='Paraguay'}}}, currencies={PYG=Currency{name='Paraguayan guaraní', symbol='₲'}}, capital=[Asunción], languages={grn=Guaraní, spa=Spanish}, population=7132530, continents=[South America]}
Country{name=Name{common='Uruguay', official='Oriental Republic of Uruguay', nativeName={spa=NameNative{official='República Oriental del Uruguay', common='Uruguay'}}}, currencies={UYU=Currency{name='Uruguayan peso', symbol='$'}}, capital=[Montevideo], languages={spa=Spanish}, population=3473727, continents=[South America]}
Country{name=Name{common='Panama', official='Republic of Panama', nativeName={spa=NameNative{official='República de Panamá', common='Panamá'}}}, currencies={PAB=Currency{name='Panamanian balboa', symbol='B/.'}, USD=Currency{name='United States dollar', symbol='$'}}, capital=[Panama City], languages={spa=Spanish}, population=4314768, continents=[North America]}
Country{name=Name{common='Mexico', official='United Mexican States', nativeName={spa=NameNative{official='Estados Unidos Mexicanos', common='México'}}}, currencies={MXN=Currency{name='Mexican peso', symbol='$'}}, capital=[Mexico City], languages={spa=Spanish}, population=128932753, continents=[North America]}
Country{name=Name{common='Honduras', official='Republic of Honduras', nativeName={spa=NameNative{official='República de Honduras', common='Honduras'}}}, currencies={HNL=Currency{name='Honduran lempira', symbol='L'}}, capital=[Tegucigalpa], languages={spa=Spanish}, population=9904608, continents=[North America]}
Country{name=Name{common='El Salvador', official='Republic of El Salvador', nativeName={spa=NameNative{official='República de El Salvador', common='El Salvador'}}}, currencies={USD=Currency{name='United States dollar', symbol='$'}}, capital=[San Salvador], languages={spa=Spanish}, population=6486201, continents=[North America]}
Country{name=Name{common='Chile', official='Republic of Chile', nativeName={spa=NameNative{official='República de Chile', common='Chile'}}}, currencies={CLP=Currency{name='Chilean peso', symbol='$'}}, capital=[Santiago], languages={spa=Spanish}, population=19116209, continents=[South America]}
Country{name=Name{common='Argentina', official='Argentine Republic', nativeName={grn=NameNative{official='Argentine Republic', common='Argentina'}, spa=NameNative{official='República Argentina', common='Argentina'}}}, currencies={ARS=Currency{name='Argentine peso', symbol='$'}}, capital=[Buenos Aires], languages={grn=Guaraní, spa=Spanish}, population=45376763, continents=[South America]}
]]></system-out>
  </testcase>
  <testcase name="testCountryInfoByCurrenciesAPI" classname="CountryApiTest" time="0.57">
    <system-out><![CDATA[Inserted currency
Country{name=Name{common='Cuba', official='Republic of Cuba', nativeName={spa=NameNative{official='República de Cuba', common='Cuba'}}}, currencies={CUC=Currency{name='Cuban convertible peso', symbol='$'}, CUP=Currency{name='Cuban peso', symbol='$'}}, capital=[Havana], languages={spa=Spanish}, population=11326616, continents=[North America]}
]]></system-out>
  </testcase>
  <testcase name="testCountryInfoAllCountriessAPI" classname="CountryApiTest" time="0.875">
    <system-out><![CDATA[Country{name=Name{common='Cyprus', official='Republic of Cyprus', nativeName={ell=NameNative{official='Δημοκρατία της Κύπρος', common='Κύπρος'}, tur=NameNative{official='Kıbrıs Cumhuriyeti', common='Kıbrıs'}}}, currencies={EUR=Currency{name='Euro', symbol='€'}}, capital=[Nicosia], languages={ell=Greek, tur=Turkish}, population=1207361, continents=[Europe]}
Country{name=Name{common='Eritrea', official='State of Eritrea', nativeName={ara=NameNative{official='دولة إرتريا', common='إرتريا‎'}, eng=NameNative{official='State of Eritrea', common='Eritrea'}, tir=NameNative{official='ሃገረ ኤርትራ', common='ኤርትራ'}}}, currencies={ERN=Currency{name='Eritrean nakfa', symbol='Nfk'}}, capital=[Asmara], languages={ara=Arabic, eng=English, tir=Tigrinya}, population=5352000, continents=[Africa]}
Country{name=Name{common='Liberia', official='Republic of Liberia', nativeName={eng=NameNative{official='Republic of Liberia', common='Liberia'}}}, currencies={LRD=Currency{name='Liberian dollar', symbol='$'}}, capital=[Monrovia], languages={eng=English}, population=5057677, continents=[Africa]}
Country{name=Name{common='Bermuda', official='Bermuda', nativeName={eng=NameNative{official='Bermuda', common='Bermuda'}}}, currencies={BMD=Currency{name='Bermudian dollar', symbol='$'}}, capital=[Hamilton], languages={eng=English}, population=63903, continents=[North America]}
Country{name=Name{common='Vatican City', official='Vatican City State', nativeName={ita=NameNative{official='Stato della Città del Vaticano', common='Vaticano'}, lat=NameNative{official='Status Civitatis Vaticanæ', common='Vaticanæ'}}}, currencies={EUR=Currency{name='Euro', symbol='€'}}, capital=[Vatican City], languages={ita=Italian, lat=Latin}, population=451, continents=[Europe]}
Country{name=Name{common='Cook Islands', official='Cook Islands', nativeName={eng=NameNative{official='Cook Islands', common='Cook Islands'}, rar=NameNative{official='Kūki 'Āirani', common='Kūki 'Āirani'}}}, currencies={CKD=Currency{name='Cook Islands dollar', symbol='$'}, NZD=Currency{name='New Zealand dollar', symbol='$'}}, capital=[Avarua], languages={eng=English, rar=Cook Islands Māori}, population=18100, continents=[Oceania]}
Country{name=Name{common='Somalia', official='Federal Republic of Somalia', nativeName={ara=NameNative{official='جمهورية الصومال‎‎', common='الصومال‎‎'}, som=NameNative{official='Jamhuuriyadda Federaalka Soomaaliya', common='Soomaaliya'}}}, currencies={SOS=Currency{name='Somali shilling', symbol='Sh'}}, capital=[Mogadishu], languages={ara=Arabic, som=Somali}, population=15893219, continents=[Africa]}
Country{name=Name{common='Zambia', official='Republic of Zambia', nativeName={eng=NameNative{official='Republic of Zambia', common='Zambia'}}}, currencies={ZMW=Currency{name='Zambian kwacha', symbol='ZK'}}, capital=[Lusaka], languages={eng=English}, population=18383956, continents=[Africa]}
Country{name=Name{common='Venezuela', official='Bolivarian Republic of Venezuela', nativeName={spa=NameNative{official='República Bolivariana de Venezuela', common='Venezuela'}}}, currencies={VES=Currency{name='Venezuelan bolívar soberano', symbol='Bs.S.'}}, capital=[Caracas], languages={spa=Spanish}, population=28435943, continents=[South America]}
Country{name=Name{common='Turkmenistan', official='Turkmenistan', nativeName={rus=NameNative{official='Туркменистан', common='Туркмения'}, tuk=NameNative{official='Türkmenistan', common='Türkmenistan'}}}, currencies={TMT=Currency{name='Turkmenistan manat', symbol='m'}}, capital=[Ashgabat], languages={rus=Russian, tuk=Turkmen}, population=6031187, continents=[Asia]}
Country{name=Name{common='Albania', official='Republic of Albania', nativeName={sqi=NameNative{official='Republika e Shqipërisë', common='Shqipëria'}}}, currencies={ALL=Currency{name='Albanian lek', symbol='L'}}, capital=[Tirana], languages={sqi=Albanian}, population=2837743, continents=[Europe]}
Country{name=Name{common='Croatia', official='Republic of Croatia', nativeName={hrv=NameNative{official='Republika Hrvatska', common='Hrvatska'}}}, currencies={EUR=Currency{name='Euro', symbol='€'}}, capital=[Zagreb], languages={hrv=Croatian}, population=4047200, continents=[Europe]}
Country{name=Name{common='United Kingdom', official='United Kingdom of Great Britain and Northern Ireland', nativeName={eng=NameNative{official='United Kingdom of Great Britain and Northern Ireland', common='United Kingdom'}}}, currencies={GBP=Currency{name='British pound', symbol='£'}}, capital=[London], languages={eng=English}, population=67215293, continents=[Europe]}
Country{name=Name{common='Sudan', official='Republic of the Sudan', nativeName={ara=NameNative{official='جمهورية السودان', common='السودان'}, eng=NameNative{official='Republic of the Sudan', common='Sudan'}}}, currencies={SDG=Currency{name='Sudanese pound', symbol=''}}, capital=[Khartoum], languages={ara=Arabic, eng=English}, population=43849269, continents=[Africa]}
Country{name=Name{common='Timor-Leste', official='Democratic Republic of Timor-Leste', nativeName={por=NameNative{official='República Democrática de Timor-Leste', common='Timor-Leste'}, tet=NameNative{official='Repúblika Demokrátika Timór-Leste', common='Timór-Leste'}}}, currencies={USD=Currency{name='United States dollar', symbol='$'}}, capital=[Dili], languages={por=Portuguese, tet=Tetum}, population=1318442, continents=[Oceania]}
Country{name=Name{common='Republic of the Congo', official='Republic of the Congo', nativeName={fra=NameNative{official='République du Congo', common='République du Congo'}, kon=NameNative{official='Repubilika ya Kongo', common='Repubilika ya Kongo'}, lin=NameNative{official='Republíki ya Kongó', common='Republíki ya Kongó'}}}, currencies={XAF=Currency{name='Central African CFA franc', symbol='Fr'}}, capital=[Brazzaville], languages={fra=French, kon=Kikongo, lin=Lingala}, population=5657000, continents=[Africa]}
Country{name=Name{common='Azerbaijan', official='Republic of Azerbaijan', nativeName={aze=NameNative{official='Azərbaycan Respublikası', common='Azərbaycan'}}}, currencies={AZN=Currency{name='Azerbaijani manat', symbol='₼'}}, capital=[Baku], languages={aze=Azerbaijani}, population=10110116, continents=[Europe, Asia]}
Country{name=Name{common='Kenya', official='Republic of Kenya', nativeName={eng=NameNative{official='Republic of Kenya', common='Kenya'}, swa=NameNative{official='Republic of Kenya', common='Kenya'}}}, currencies={KES=Currency{name='Kenyan shilling', symbol='Sh'}}, capital=[Nairobi], languages={eng=English, swa=Swahili}, population=53771300, continents=[Africa]}
Country{name=Name{common='American Samoa', official='American Samoa', nativeName={eng=NameNative{official='American Samoa', common='American Samoa'}, smo=NameNative{official='Sāmoa Amelika', common='Sāmoa Amelika'}}}, currencies={USD=Currency{name='United States dollar', symbol='$'}}, capital=[Pago Pago], languages={eng=English, smo=Samoan}, population=55197, continents=[Oceania]}
Country{name=Name{common='Ivory Coast', official='Republic of Côte d'Ivoire', nativeName={fra=NameNative{official='République de Côte d'Ivoire', common='Côte d'Ivoire'}}}, currencies={XOF=Currency{name='West African CFA franc', symbol='Fr'}}, capital=[Yamoussoukro], languages={fra=French}, population=26378275, continents=[Africa]}
Country{name=Name{common='Senegal', official='Republic of Senegal', nativeName={fra=NameNative{official='République du Sénégal', common='Sénégal'}}}, currencies={XOF=Currency{name='West African CFA franc', symbol='Fr'}}, capital=[Dakar], languages={fra=French}, population=16743930, continents=[Africa]}
Country{name=Name{common='Vietnam', official='Socialist Republic of Vietnam', nativeName={vie=NameNative{official='Cộng hòa xã hội chủ nghĩa Việt Nam', common='Việt Nam'}}}, currencies={VND=Currency{name='Vietnamese đồng', symbol='₫'}}, capital=[Hanoi], languages={vie=Vietnamese}, population=97338583, continents=[Asia]}
Country{name=Name{common='El Salvador', official='Republic of El Salvador', nativeName={spa=NameNative{official='República de El Salvador', common='El Salvador'}}}, currencies={USD=Currency{name='United States dollar', symbol='$'}}, capital=[San Salvador], languages={spa=Spanish}, population=6486201, continents=[North America]}
Country{name=Name{common='Afghanistan', official='Islamic Republic of Afghanistan', nativeName={prs=NameNative{official='جمهوری اسلامی افغانستان', common='افغانستان'}, pus=NameNative{official='د افغانستان اسلامي جمهوریت', common='افغانستان'}, tuk=NameNative{official='Owganystan Yslam Respublikasy', common='Owganystan'}}}, currencies={AFN=Currency{name='Afghan afghani', symbol='؋'}}, capital=[Kabul], languages={prs=Dari, pus=Pashto, tuk=Turkmen}, population=40218234, continents=[Asia]}
Country{name=Name{common='Saint Martin', official='Saint Martin', nativeName={fra=NameNative{official='Saint-Martin', common='Saint-Martin'}}}, currencies={EUR=Currency{name='Euro', symbol='€'}}, capital=[Marigot], languages={fra=French}, population=38659, continents=[North America]}
Country{name=Name{common='Latvia', official='Republic of Latvia', nativeName={lav=NameNative{official='Latvijas Republikas', common='Latvija'}}}, currencies={EUR=Currency{name='Euro', symbol='€'}}, capital=[Riga], languages={lav=Latvian}, population=1901548, continents=[Europe]}
Country{name=Name{common='Guatemala', official='Republic of Guatemala', nativeName={spa=NameNative{official='República de Guatemala', common='Guatemala'}}}, currencies={GTQ=Currency{name='Guatemalan quetzal', symbol='Q'}}, capital=[Guatemala City], languages={spa=Spanish}, population=16858333, continents=[North America]}
Country{name=Name{common='Kuwait', official='State of Kuwait', nativeName={ara=NameNative{official='دولة الكويت', common='الكويت'}}}, currencies={KWD=Currency{name='Kuwaiti dinar', symbol='د.ك'}}, capital=[Kuwait City], languages={ara=Arabic}, population=4270563, continents=[Asia]}
Country{name=Name{common='São Tomé and Príncipe', official='Democratic Republic of São Tomé and Príncipe', nativeName={por=NameNative{official='República Democrática do São Tomé e Príncipe', common='São Tomé e Príncipe'}}}, currencies={STN=Currency{name='São Tomé and Príncipe dobra', symbol='Db'}}, capital=[São Tomé], languages={por=Portuguese}, population=219161, continents=[Africa]}
Country{name=Name{common='Kyrgyzstan', official='Kyrgyz Republic', nativeName={kir=NameNative{official='Кыргыз Республикасы', common='Кыргызстан'}, rus=NameNative{official='Кыргызская Республика', common='Киргизия'}}}, currencies={KGS=Currency{name='Kyrgyzstani som', symbol='с'}}, capital=[Bishkek], languages={kir=Kyrgyz, rus=Russian}, population=6591600, continents=[Asia]}
Country{name=Name{common='Poland', official='Republic of Poland', nativeName={pol=NameNative{official='Rzeczpospolita Polska', common='Polska'}}}, currencies={PLN=Currency{name='Polish złoty', symbol='zł'}}, capital=[Warsaw], languages={pol=Polish}, population=37950802, continents=[Europe]}
Country{name=Name{common='Guam', official='Guam', nativeName={cha=NameNative{official='Guåhån', common='Guåhån'}, eng=NameNative{official='Guam', common='Guam'}, spa=NameNative{official='Guam', common='Guam'}}}, currencies={USD=Currency{name='United States dollar', symbol='$'}}, capital=[Hagåtña], languages={cha=Chamorro, eng=English, spa=Spanish}, population=168783, continents=[Oceania]}
Country{name=Name{common='Ghana', official='Republic of Ghana', nativeName={eng=NameNative{official='Republic of Ghana', common='Ghana'}}}, currencies={GHS=Currency{name='Ghanaian cedi', symbol='₵'}}, capital=[Accra], languages={eng=English}, population=31072945, continents=[Africa]}
Country{name=Name{common='Lithuania', official='Republic of Lithuania', nativeName={lit=NameNative{official='Lietuvos Respublikos', common='Lietuva'}}}, currencies={EUR=Currency{name='Euro', symbol='€'}}, capital=[Vilnius], languages={lit=Lithuanian}, population=2794700, continents=[Europe]}
Country{name=Name{common='Armenia', official='Republic of Armenia', nativeName={hye=NameNative{official='Հայաստանի Հանրապետություն', common='Հայաստան'}}}, currencies={AMD=Currency{name='Armenian dram', symbol='֏'}}, capital=[Yerevan], languages={hye=Armenian}, population=2963234, continents=[Asia]}
Country{name=Name{common='Jersey', official='Bailiwick of Jersey', nativeName={eng=NameNative{official='Bailiwick of Jersey', common='Jersey'}, fra=NameNative{official='Bailliage de Jersey', common='Jersey'}, nrf=NameNative{official='Bailliage dé Jèrri', common='Jèrri'}}}, currencies={GBP=Currency{name='British pound', symbol='£'}, JEP=Currency{name='Jersey pound', symbol='£'}}, capital=[Saint Helier], languages={eng=English, fra=French, nrf=Jèrriais}, population=100800, continents=[Europe]}
Country{name=Name{common='Grenada', official='Grenada', nativeName={eng=NameNative{official='Grenada', common='Grenada'}}}, currencies={XCD=Currency{name='Eastern Caribbean dollar', symbol='$'}}, capital=[St. George's], languages={eng=English}, population=112519, continents=[North America]}
Country{name=Name{common='Tajikistan', official='Republic of Tajikistan', nativeName={rus=NameNative{official='Республика Таджикистан', common='Таджикистан'}, tgk=NameNative{official='Ҷумҳурии Тоҷикистон', common='Тоҷикистон'}}}, currencies={TJS=Currency{name='Tajikistani somoni', symbol='ЅМ'}}, capital=[Dushanbe], languages={rus=Russian, tgk=Tajik}, population=9537642, continents=[Asia]}
Country{name=Name{common='Ethiopia', official='Federal Democratic Republic of Ethiopia', nativeName={amh=NameNative{official='የኢትዮጵያ ፌዴራላዊ ዲሞክራሲያዊ ሪፐብሊክ', common='ኢትዮጵያ'}}}, currencies={ETB=Currency{name='Ethiopian birr', symbol='Br'}}, capital=[Addis Ababa], languages={amh=Amharic}, population=114963583, continents=[Africa]}
Country{name=Name{common='Western Sahara', official='Sahrawi Arab Democratic Republic', nativeName={ber=NameNative{official='Sahrawi Arab Democratic Republic', common='Western Sahara'}, mey=NameNative{official='الجمهورية العربية الصحراوية الديمقراطية', common='الصحراء الغربية'}, spa=NameNative{official='República Árabe Saharaui Democrática', common='Sahara Occidental'}}}, currencies={DZD=Currency{name='Algerian dinar', symbol='دج'}, MAD=Currency{name='Moroccan dirham', symbol='DH'}, MRU=Currency{name='Mauritanian ouguiya', symbol='UM'}}, capital=[El Aaiún], languages={ber=Berber, mey=Hassaniya, spa=Spanish}, population=510713, continents=[Africa]}
Country{name=Name{common='Morocco', official='Kingdom of Morocco', nativeName={ara=NameNative{official='المملكة المغربية', common='المغرب'}, ber=NameNative{official='ⵜⴰⴳⵍⴷⵉⵜ ⵏ ⵍⵎⵖⵔⵉⴱ', common='ⵍⵎⴰⵖⵔⵉⴱ'}}}, currencies={MAD=Currency{name='Moroccan dirham', symbol='د.م.'}}, capital=[Rabat], languages={ara=Arabic, ber=Berber}, population=36910558, continents=[Africa]}
Country{name=Name{common='Puerto Rico', official='Commonwealth of Puerto Rico', nativeName={eng=NameNative{official='Commonwealth of Puerto Rico', common='Puerto Rico'}, spa=NameNative{official='Estado Libre Asociado de Puerto Rico', common='Puerto Rico'}}}, currencies={USD=Currency{name='United States dollar', symbol='$'}}, capital=[San Juan], languages={eng=English, spa=Spanish}, population=3194034, continents=[North America]}
Country{name=Name{common='Christmas Island', official='Territory of Christmas Island', nativeName={eng=NameNative{official='Territory of Christmas Island', common='Christmas Island'}}}, currencies={AUD=Currency{name='Australian dollar', symbol='$'}}, capital=[Flying Fish Cove], languages={eng=English}, population=2072, continents=[Asia]}
Country{name=Name{common='New Zealand', official='New Zealand', nativeName={eng=NameNative{official='New Zealand', common='New Zealand'}, mri=NameNative{official='Aotearoa', common='Aotearoa'}, nzs=NameNative{official='New Zealand', common='New Zealand'}}}, currencies={NZD=Currency{name='New Zealand dollar', symbol='$'}}, capital=[Wellington], languages={eng=English, mri=Māori, nzs=New Zealand Sign Language}, population=5084300, continents=[Oceania]}
Country{name=Name{common='Brunei', official='Nation of Brunei, Abode of Peace', nativeName={msa=NameNative{official='Nation of Brunei, Abode Damai', common='Negara Brunei Darussalam'}}}, currencies={BND=Currency{name='Brunei dollar', symbol='$'}, SGD=Currency{name='Singapore dollar', symbol='$'}}, capital=[Bandar Seri Begawan], languages={msa=Malay}, population=437483, continents=[Asia]}
Country{name=Name{common='French Guiana', official='Guiana', nativeName={fra=NameNative{official='Guyane', common='Guyane française'}}}, currencies={EUR=Currency{name='Euro', symbol='€'}}, capital=[Cayenne], languages={fra=French}, population=254541, continents=[South America]}
Country{name=Name{common='Niue', official='Niue', nativeName={eng=NameNative{official='Niue', common='Niue'}, niu=NameNative{official='Niuē', common='Niuē'}}}, currencies={NZD=Currency{name='New Zealand dollar', symbol='$'}}, capital=[Alofi], languages={eng=English, niu=Niuean}, population=1470, continents=[Oceania]}
Country{name=Name{common='Romania', official='Romania', nativeName={ron=NameNative{official='România', common='România'}}}, currencies={RON=Currency{name='Romanian leu', symbol='lei'}}, capital=[Bucharest], languages={ron=Romanian}, population=19286123, continents=[Europe]}
Country{name=Name{common='Svalbard and Jan Mayen', official='Svalbard og Jan Mayen', nativeName={nor=NameNative{official='Svalbard og Jan Mayen', common='Svalbard og Jan Mayen'}}}, currencies={NOK=Currency{name='krone', symbol='kr'}}, capital=[Longyearbyen], languages={nor=Norwegian}, population=2562, continents=[Europe]}
Country{name=Name{common='Belarus', official='Republic of Belarus', nativeName={bel=NameNative{official='Рэспубліка Беларусь', common='Белару́сь'}, rus=NameNative{official='Республика Беларусь', common='Беларусь'}}}, currencies={BYN=Currency{name='Belarusian ruble', symbol='Br'}}, capital=[Minsk], languages={bel=Belarusian, rus=Russian}, population=9398861, continents=[Europe]}
Country{name=Name{common='Panama', official='Republic of Panama', nativeName={spa=NameNative{official='República de Panamá', common='Panamá'}}}, currencies={PAB=Currency{name='Panamanian balboa', symbol='B/.'}, USD=Currency{name='United States dollar', symbol='$'}}, capital=[Panama City], languages={spa=Spanish}, population=4314768, continents=[North America]}
Country{name=Name{common='Cameroon', official='Republic of Cameroon', nativeName={eng=NameNative{official='Republic of Cameroon', common='Cameroon'}, fra=NameNative{official='République du Cameroun', common='Cameroun'}}}, currencies={XAF=Currency{name='Central African CFA franc', symbol='Fr'}}, capital=[Yaoundé], languages={eng=English, fra=French}, population=26545864, continents=[Africa]}
Country{name=Name{common='Czechia', official='Czech Republic', nativeName={ces=NameNative{official='Česká republika', common='Česko'}, slk=NameNative{official='Česká republika', common='Česko'}}}, currencies={CZK=Currency{name='Czech koruna', symbol='Kč'}}, capital=[Prague], languages={ces=Czech, slk=Slovak}, population=10698896, continents=[Europe]}
Country{name=Name{common='Saint Barthélemy', official='Collectivity of Saint Barthélemy', nativeName={fra=NameNative{official='Collectivité de Saint-Barthélemy', common='Saint-Barthélemy'}}}, currencies={EUR=Currency{name='Euro', symbol='€'}}, capital=[Gustavia], languages={fra=French}, population=4255, continents=[North America]}
Country{name=Name{common='Greece', official='Hellenic Republic', nativeName={ell=NameNative{official='Ελληνική Δημοκρατία', common='Ελλάδα'}}}, currencies={EUR=Currency{name='Euro', symbol='€'}}, capital=[Athens], languages={ell=Greek}, population=10715549, continents=[Europe]}
Country{name=Name{common='Mali', official='Republic of Mali', nativeName={fra=NameNative{official='République du Mali', common='Mali'}}}, currencies={XOF=Currency{name='West African CFA franc', symbol='Fr'}}, capital=[Bamako], languages={fra=French}, population=20250834, continents=[Africa]}
Country{name=Name{common='Martinique', official='Martinique', nativeName={fra=NameNative{official='Martinique', common='Martinique'}}}, currencies={EUR=Currency{name='Euro', symbol='€'}}, capital=[Fort-de-France], languages={fra=French}, population=378243, continents=[North America]}
Country{name=Name{common='France', official='French Republic', nativeName={fra=NameNative{official='République française', common='France'}}}, currencies={EUR=Currency{name='Euro', symbol='€'}}, capital=[Paris], languages={fra=French}, population=67391582, continents=[Europe]}
Country{name=Name{common='Pakistan', official='Islamic Republic of Pakistan', nativeName={eng=NameNative{official='Islamic Republic of Pakistan', common='Pakistan'}, urd=NameNative{official='اسلامی جمہوریۂ پاكستان', common='پاكستان'}}}, currencies={PKR=Currency{name='Pakistani rupee', symbol='₨'}}, capital=[Islamabad], languages={eng=English, urd=Urdu}, population=220892331, continents=[Asia]}
Country{name=Name{common='Peru', official='Republic of Peru', nativeName={aym=NameNative{official='Piruw Suyu', common='Piruw'}, que=NameNative{official='Piruw Ripuwlika', common='Piruw'}, spa=NameNative{official='República del Perú', common='Perú'}}}, currencies={PEN=Currency{name='Peruvian sol', symbol='S/ '}}, capital=[Lima], languages={aym=Aymara, que=Quechua, spa=Spanish}, population=32971846, continents=[South America]}
Country{name=Name{common='Barbados', official='Barbados', nativeName={eng=NameNative{official='Barbados', common='Barbados'}}}, currencies={BBD=Currency{name='Barbadian dollar', symbol='$'}}, capital=[Bridgetown], languages={eng=English}, population=287371, continents=[North America]}
Country{name=Name{common='Greenland', official='Greenland', nativeName={kal=NameNative{official='Kalaallit Nunaat', common='Kalaallit Nunaat'}}}, currencies={DKK=Currency{name='krone', symbol='kr.'}}, capital=[Nuuk], languages={kal=Greenlandic}, population=56367, continents=[North America]}
Country{name=Name{common='Saint Pierre and Miquelon', official='Saint Pierre and Miquelon', nativeName={fra=NameNative{official='Collectivité territoriale de Saint-Pierre-et-Miquelon', common='Saint-Pierre-et-Miquelon'}}}, currencies={EUR=Currency{name='Euro', symbol='€'}}, capital=[Saint-Pierre], languages={fra=French}, population=6069, continents=[North America]}
Country{name=Name{common='Chad', official='Republic of Chad', nativeName={ara=NameNative{official='جمهورية تشاد', common='تشاد‎'}, fra=NameNative{official='République du Tchad', common='Tchad'}}}, currencies={XAF=Currency{name='Central African CFA franc', symbol='Fr'}}, capital=[N'Djamena], languages={ara=Arabic, fra=French}, population=16425859, continents=[Africa]}
Country{name=Name{common='Hungary', official='Hungary', nativeName={hun=NameNative{official='Magyarország', common='Magyarország'}}}, currencies={HUF=Currency{name='Hungarian forint', symbol='Ft'}}, capital=[Budapest], languages={hun=Hungarian}, population=9749763, continents=[Europe]}
Country{name=Name{common='Comoros', official='Union of the Comoros', nativeName={ara=NameNative{official='الاتحاد القمري', common='القمر‎'}, fra=NameNative{official='Union des Comores', common='Comores'}, zdj=NameNative{official='Udzima wa Komori', common='Komori'}}}, currencies={KMF=Currency{name='Comorian franc', symbol='Fr'}}, capital=[Moroni], languages={ara=Arabic, fra=French, zdj=Comorian}, population=869595, continents=[Africa]}
Country{name=Name{common='Bangladesh', official='People's Republic of Bangladesh', nativeName={ben=NameNative{official='বাংলাদেশ গণপ্রজাতন্ত্রী', common='বাংলাদেশ'}}}, currencies={BDT=Currency{name='Bangladeshi taka', symbol='৳'}}, capital=[Dhaka], languages={ben=Bengali}, population=164689383, continents=[Asia]}
Country{name=Name{common='Tokelau', official='Tokelau', nativeName={eng=NameNative{official='Tokelau', common='Tokelau'}, smo=NameNative{official='Tokelau', common='Tokelau'}, tkl=NameNative{official='Tokelau', common='Tokelau'}}}, currencies={NZD=Currency{name='New Zealand dollar', symbol='$'}}, capital=[Fakaofo], languages={eng=English, smo=Samoan, tkl=Tokelauan}, population=1411, continents=[Oceania]}
Country{name=Name{common='Fiji', official='Republic of Fiji', nativeName={eng=NameNative{official='Republic of Fiji', common='Fiji'}, fij=NameNative{official='Matanitu Tugalala o Viti', common='Viti'}, hif=NameNative{official='रिपब्लिक ऑफ फीजी', common='फिजी'}}}, currencies={FJD=Currency{name='Fijian dollar', symbol='$'}}, capital=[Suva], languages={eng=English, fij=Fijian, hif=Fiji Hindi}, population=896444, continents=[Oceania]}
Country{name=Name{common='China', official='People's Republic of China', nativeName={zho=NameNative{official='中华人民共和国', common='中国'}}}, currencies={CNY=Currency{name='Chinese yuan', symbol='¥'}}, capital=[Beijing], languages={zho=Chinese}, population=1402112000, continents=[Asia]}
Country{name=Name{common='Colombia', official='Republic of Colombia', nativeName={spa=NameNative{official='República de Colombia', common='Colombia'}}}, currencies={COP=Currency{name='Colombian peso', symbol='$'}}, capital=[Bogotá], languages={spa=Spanish}, population=50882884, continents=[South America]}
Country{name=Name{common='British Virgin Islands', official='Virgin Islands', nativeName={eng=NameNative{official='Virgin Islands', common='British Virgin Islands'}}}, currencies={USD=Currency{name='United States dollar', symbol='$'}}, capital=[Road Town], languages={eng=English}, population=30237, continents=[North America]}
Country{name=Name{common='Algeria', official='People's Democratic Republic of Algeria', nativeName={ara=NameNative{official='الجمهورية الديمقراطية الشعبية الجزائرية', common='الجزائر'}}}, currencies={DZD=Currency{name='Algerian dinar', symbol='د.ج'}}, capital=[Algiers], languages={ara=Arabic}, population=44700000, continents=[Africa]}
Country{name=Name{common='Maldives', official='Republic of the Maldives', nativeName={div=NameNative{official='ދިވެހިރާއްޖޭގެ ޖުމްހޫރިއްޔާ', common='ދިވެހިރާއްޖޭގެ'}}}, currencies={MVR=Currency{name='Maldivian rufiyaa', symbol='.ރ'}}, capital=[Malé], languages={div=Maldivian}, population=540542, continents=[Asia]}
Country{name=Name{common='Malaysia', official='Malaysia', nativeName={eng=NameNative{official='Malaysia', common='Malaysia'}, msa=NameNative{official='مليسيا', common='مليسيا'}}}, currencies={MYR=Currency{name='Malaysian ringgit', symbol='RM'}}, capital=[Kuala Lumpur], languages={eng=English, msa=Malay}, population=32365998, continents=[Asia]}
Country{name=Name{common='Cayman Islands', official='Cayman Islands', nativeName={eng=NameNative{official='Cayman Islands', common='Cayman Islands'}}}, currencies={KYD=Currency{name='Cayman Islands dollar', symbol='$'}}, capital=[George Town], languages={eng=English}, population=65720, continents=[North America]}
Country{name=Name{common='Spain', official='Kingdom of Spain', nativeName={spa=NameNative{official='Reino de España', common='España'}}}, currencies={EUR=Currency{name='Euro', symbol='€'}}, capital=[Madrid], languages={spa=Spanish, cat=Catalan, eus=Basque, glc=Galician}, population=47351567, continents=[Europe]}
Country{name=Name{common='Ireland', official='Republic of Ireland', nativeName={eng=NameNative{official='Republic of Ireland', common='Ireland'}, gle=NameNative{official='Poblacht na hÉireann', common='Éire'}}}, currencies={EUR=Currency{name='Euro', symbol='€'}}, capital=[Dublin], languages={eng=English, gle=Irish}, population=4994724, continents=[Europe]}
Country{name=Name{common='Estonia', official='Republic of Estonia', nativeName={est=NameNative{official='Eesti Vabariik', common='Eesti'}}}, currencies={EUR=Currency{name='Euro', symbol='€'}}, capital=[Tallinn], languages={est=Estonian}, population=1331057, continents=[Europe]}
Country{name=Name{common='Paraguay', official='Republic of Paraguay', nativeName={grn=NameNative{official='Tetã Paraguái', common='Paraguái'}, spa=NameNative{official='República de Paraguay', common='Paraguay'}}}, currencies={PYG=Currency{name='Paraguayan guaraní', symbol='₲'}}, capital=[Asunción], languages={grn=Guaraní, spa=Spanish}, population=7132530, continents=[South America]}
Country{name=Name{common='Uruguay', official='Oriental Republic of Uruguay', nativeName={spa=NameNative{official='República Oriental del Uruguay', common='Uruguay'}}}, currencies={UYU=Currency{name='Uruguayan peso', symbol='$'}}, capital=[Montevideo], languages={spa=Spanish}, population=3473727, continents=[South America]}
Country{name=Name{common='South Africa', official='Republic of South Africa', nativeName={afr=NameNative{official='Republiek van Suid-Afrika', common='South Africa'}, eng=NameNative{official='Republic of South Africa', common='South Africa'}, nbl=NameNative{official='IRiphabliki yeSewula Afrika', common='Sewula Afrika'}, nso=NameNative{official='Rephaboliki ya Afrika-Borwa ', common='Afrika-Borwa'}, sot=NameNative{official='Rephaboliki ya Afrika Borwa', common='Afrika Borwa'}, ssw=NameNative{official='IRiphabhulikhi yeNingizimu Afrika', common='Ningizimu Afrika'}, tsn=NameNative{official='Rephaboliki ya Aforika Borwa', common='Aforika Borwa'}, tso=NameNative{official='Riphabliki ra Afrika Dzonga', common='Afrika Dzonga'}, ven=NameNative{official='Riphabuḽiki ya Afurika Tshipembe', common='Afurika Tshipembe'}, xho=NameNative{official='IRiphabliki yaseMzantsi Afrika', common='Mzantsi Afrika'}, zul=NameNative{official='IRiphabliki yaseNingizimu Afrika', common='Ningizimu Afrika'}}}, currencies={ZAR=Currency{name='South African rand', symbol='R'}}, capital=[Pretoria, Bloemfontein, Cape Town], languages={afr=Afrikaans, eng=English, nbl=Southern Ndebele, nso=Northern Sotho, sot=Southern Sotho, ssw=Swazi, tsn=Tswana, tso=Tsonga, ven=Venda, xho=Xhosa, zul=Zulu}, population=59308690, continents=[Africa]}
Country{name=Name{common='Saint Lucia', official='Saint Lucia', nativeName={eng=NameNative{official='Saint Lucia', common='Saint Lucia'}}}, currencies={XCD=Currency{name='Eastern Caribbean dollar', symbol='$'}}, capital=[Castries], languages={eng=English}, population=183629, continents=[North America]}
Country{name=Name{common='Vanuatu', official='Republic of Vanuatu', nativeName={bis=NameNative{official='Ripablik blong Vanuatu', common='Vanuatu'}, eng=NameNative{official='Republic of Vanuatu', common='Vanuatu'}, fra=NameNative{official='République de Vanuatu', common='Vanuatu'}}}, currencies={VUV=Currency{name='Vanuatu vatu', symbol='Vt'}}, capital=[Port Vila], languages={bis=Bislama, eng=English, fra=French}, population=307150, continents=[Oceania]}
Country{name=Name{common='Finland', official='Republic of Finland', nativeName={fin=NameNative{official='Suomen tasavalta', common='Suomi'}, swe=NameNative{official='Republiken Finland', common='Finland'}}}, currencies={EUR=Currency{name='Euro', symbol='€'}}, capital=[Helsinki], languages={fin=Finnish, swe=Swedish}, population=5530719, continents=[Europe]}
Country{name=Name{common='Sweden', official='Kingdom of Sweden', nativeName={swe=NameNative{official='Konungariket Sverige', common='Sverige'}}}, currencies={SEK=Currency{name='Swedish krona', symbol='kr'}}, capital=[Stockholm], languages={swe=Swedish}, population=10353442, continents=[Europe]}
Country{name=Name{common='British Indian Ocean Territory', official='British Indian Ocean Territory', nativeName={eng=NameNative{official='British Indian Ocean Territory', common='British Indian Ocean Territory'}}}, currencies={USD=Currency{name='United States dollar', symbol='$'}}, capital=[Diego Garcia], languages={eng=English}, population=3000, continents=[Asia]}
Country{name=Name{common='Lebanon', official='Lebanese Republic', nativeName={ara=NameNative{official='الجمهورية اللبنانية', common='لبنان'}, fra=NameNative{official='République libanaise', common='Liban'}}}, currencies={LBP=Currency{name='Lebanese pound', symbol='ل.ل'}}, capital=[Beirut], languages={ara=Arabic, fra=French}, population=6825442, continents=[Asia]}
Country{name=Name{common='United States', official='United States of America', nativeName={eng=NameNative{official='United States of America', common='United States'}}}, currencies={USD=Currency{name='United States dollar', symbol='$'}}, capital=[Washington, D.C.], languages={eng=English}, population=329484123, continents=[North America]}
Country{name=Name{common='Chile', official='Republic of Chile', nativeName={spa=NameNative{official='República de Chile', common='Chile'}}}, currencies={CLP=Currency{name='Chilean peso', symbol='$'}}, capital=[Santiago], languages={spa=Spanish}, population=19116209, continents=[South America]}
Country{name=Name{common='Norfolk Island', official='Territory of Norfolk Island', nativeName={eng=NameNative{official='Territory of Norfolk Island', common='Norfolk Island'}, pih=NameNative{official='Teratri of Norf'k Ailen', common='Norf'k Ailen'}}}, currencies={AUD=Currency{name='Australian dollar', symbol='$'}}, capital=[Kingston], languages={eng=English, pih=Norfuk}, population=2302, continents=[Oceania]}
Country{name=Name{common='Montserrat', official='Montserrat', nativeName={eng=NameNative{official='Montserrat', common='Montserrat'}}}, currencies={XCD=Currency{name='Eastern Caribbean dollar', symbol='$'}}, capital=[Plymouth], languages={eng=English}, population=4922, continents=[North America]}
Country{name=Name{common='Australia', official='Commonwealth of Australia', nativeName={eng=NameNative{official='Commonwealth of Australia', common='Australia'}}}, currencies={AUD=Currency{name='Australian dollar', symbol='$'}}, capital=[Canberra], languages={eng=English}, population=25687041, continents=[Oceania]}
Country{name=Name{common='Belize', official='Belize', nativeName={bjz=NameNative{official='Belize', common='Belize'}, eng=NameNative{official='Belize', common='Belize'}, spa=NameNative{official='Belice', common='Belice'}}}, currencies={BZD=Currency{name='Belize dollar', symbol='$'}}, capital=[Belmopan], languages={bjz=Belizean Creole, eng=English, spa=Spanish}, population=397621, continents=[North America]}
Country{name=Name{common='Guyana', official='Co-operative Republic of Guyana', nativeName={eng=NameNative{official='Co-operative Republic of Guyana', common='Guyana'}}}, currencies={GYD=Currency{name='Guyanese dollar', symbol='$'}}, capital=[Georgetown], languages={eng=English}, population=786559, continents=[South America]}
Country{name=Name{common='Mongolia', official='Mongolia', nativeName={mon=NameNative{official='Монгол улс', common='Монгол улс'}}}, currencies={MNT=Currency{name='Mongolian tögrög', symbol='₮'}}, capital=[Ulan Bator], languages={mon=Mongolian}, population=3278292, continents=[Asia]}
Country{name=Name{common='Tuvalu', official='Tuvalu', nativeName={eng=NameNative{official='Tuvalu', common='Tuvalu'}, tvl=NameNative{official='Tuvalu', common='Tuvalu'}}}, currencies={AUD=Currency{name='Australian dollar', symbol='$'}, TVD=Currency{name='Tuvaluan dollar', symbol='$'}}, capital=[Funafuti], languages={eng=English, tvl=Tuvaluan}, population=11792, continents=[Oceania]}
Country{name=Name{common='Dominican Republic', official='Dominican Republic', nativeName={spa=NameNative{official='República Dominicana', common='República Dominicana'}}}, currencies={DOP=Currency{name='Dominican peso', symbol='$'}}, capital=[Santo Domingo], languages={spa=Spanish}, population=10847904, continents=[North America]}
Country{name=Name{common='Equatorial Guinea', official='Republic of Equatorial Guinea', nativeName={fra=NameNative{official='République de la Guinée Équatoriale', common='Guinée équatoriale'}, por=NameNative{official='República da Guiné Equatorial', common='Guiné Equatorial'}, spa=NameNative{official='República de Guinea Ecuatorial', common='Guinea Ecuatorial'}}}, currencies={XAF=Currency{name='Central African CFA franc', symbol='Fr'}}, capital=[Malabo], languages={fra=French, por=Portuguese, spa=Spanish}, population=1402985, continents=[Africa]}
Country{name=Name{common='Saint Kitts and Nevis', official='Federation of Saint Christopher and Nevis', nativeName={eng=NameNative{official='Federation of Saint Christopher and Nevis', common='Saint Kitts and Nevis'}}}, currencies={XCD=Currency{name='Eastern Caribbean dollar', symbol='$'}}, capital=[Basseterre], languages={eng=English}, population=53192, continents=[North America]}
Country{name=Name{common='Bolivia', official='Plurinational State of Bolivia', nativeName={aym=NameNative{official='Wuliwya Suyu', common='Wuliwya'}, grn=NameNative{official='Tetã Volívia', common='Volívia'}, que=NameNative{official='Buliwya Mamallaqta', common='Buliwya'}, spa=NameNative{official='Estado Plurinacional de Bolivia', common='Bolivia'}}}, currencies={BOB=Currency{name='Bolivian boliviano', symbol='Bs.'}}, capital=[Sucre], languages={aym=Aymara, grn=Guaraní, que=Quechua, spa=Spanish}, population=11673029, continents=[South America]}
Country{name=Name{common='Nepal', official='Federal Democratic Republic of Nepal', nativeName={nep=NameNative{official='नेपाल संघीय लोकतान्त्रिक गणतन्त्र', common='नेपाल'}}}, currencies={NPR=Currency{name='Nepalese rupee', symbol='₨'}}, capital=[Kathmandu], languages={nep=Nepali}, population=29136808, continents=[Asia]}
Country{name=Name{common='French Southern and Antarctic Lands', official='Territory of the French Southern and Antarctic Lands', nativeName={fra=NameNative{official='Territoire des Terres australes et antarctiques françaises', common='Terres australes et antarctiques françaises'}}}, currencies={EUR=Currency{name='Euro', symbol='€'}}, capital=[Port-aux-Français], languages={fra=French}, population=400, continents=[Antarctica]}
Country{name=Name{common='Taiwan', official='Republic of China (Taiwan)', nativeName={zho=NameNative{official='中華民國', common='台灣'}}}, currencies={TWD=Currency{name='New Taiwan dollar', symbol='$'}}, capital=[Taipei], languages={zho=Chinese}, population=23503349, continents=[Asia]}
Country{name=Name{common='Benin', official='Republic of Benin', nativeName={fra=NameNative{official='République du Bénin', common='Bénin'}}}, currencies={XOF=Currency{name='West African CFA franc', symbol='Fr'}}, capital=[Porto-Novo], languages={fra=French}, population=12123198, continents=[Africa]}
Country{name=Name{common='Bulgaria', official='Republic of Bulgaria', nativeName={bul=NameNative{official='Република България', common='България'}}}, currencies={BGN=Currency{name='Bulgarian lev', symbol='лв'}}, capital=[Sofia], languages={bul=Bulgarian}, population=6927288, continents=[Europe]}
Country{name=Name{common='Moldova', official='Republic of Moldova', nativeName={ron=NameNative{official='Republica Moldova', common='Moldova'}}}, currencies={MDL=Currency{name='Moldovan leu', symbol='L'}}, capital=[Chișinău], languages={ron=Romanian}, population=2617820, continents=[Europe]}
Country{name=Name{common='Isle of Man', official='Isle of Man', nativeName={eng=NameNative{official='Isle of Man', common='Isle of Man'}, glv=NameNative{official='Ellan Vannin or Mannin', common='Mannin'}}}, currencies={GBP=Currency{name='British pound', symbol='£'}, IMP=Currency{name='Manx pound', symbol='£'}}, capital=[Douglas], languages={eng=English, glv=Manx}, population=85032, continents=[Europe]}
Country{name=Name{common='Bhutan', official='Kingdom of Bhutan', nativeName={dzo=NameNative{official='འབྲུག་རྒྱལ་ཁབ་', common='འབྲུག་ཡུལ་'}}}, currencies={BTN=Currency{name='Bhutanese ngultrum', symbol='Nu.'}, INR=Currency{name='Indian rupee', symbol='₹'}}, capital=[Thimphu], languages={dzo=Dzongkha}, population=771612, continents=[Asia]}
Country{name=Name{common='Cambodia', official='Kingdom of Cambodia', nativeName={khm=NameNative{official='ព្រះរាជាណាចក្រកម្ពុជា', common='Kâmpŭchéa'}}}, currencies={KHR=Currency{name='Cambodian riel', symbol='៛'}, USD=Currency{name='United States dollar', symbol='$'}}, capital=[Phnom Penh], languages={khm=Khmer}, population=16718971, continents=[Asia]}
Country{name=Name{common='Antigua and Barbuda', official='Antigua and Barbuda', nativeName={eng=NameNative{official='Antigua and Barbuda', common='Antigua and Barbuda'}}}, currencies={XCD=Currency{name='Eastern Caribbean dollar', symbol='$'}}, capital=[Saint John's], languages={eng=English}, population=97928, continents=[North America]}
Country{name=Name{common='Haiti', official='Republic of Haiti', nativeName={fra=NameNative{official='République d'Haïti', common='Haïti'}, hat=NameNative{official='Repiblik Ayiti', common='Ayiti'}}}, currencies={HTG=Currency{name='Haitian gourde', symbol='G'}}, capital=[Port-au-Prince], languages={fra=French, hat=Haitian Creole}, population=11402533, continents=[North America]}
Country{name=Name{common='Cape Verde', official='Republic of Cabo Verde', nativeName={por=NameNative{official='República de Cabo Verde', common='Cabo Verde'}}}, currencies={CVE=Currency{name='Cape Verdean escudo', symbol='Esc'}}, capital=[Praia], languages={por=Portuguese}, population=555988, continents=[Africa]}
Country{name=Name{common='Georgia', official='Georgia', nativeName={kat=NameNative{official='საქართველო', common='საქართველო'}}}, currencies={GEL=Currency{name='lari', symbol='₾'}}, capital=[Tbilisi], languages={kat=Georgian}, population=3714000, continents=[Asia]}
Country{name=Name{common='Burundi', official='Republic of Burundi', nativeName={fra=NameNative{official='République du Burundi', common='Burundi'}, run=NameNative{official='Republika y'Uburundi ', common='Uburundi'}}}, currencies={BIF=Currency{name='Burundian franc', symbol='Fr'}}, capital=[Gitega], languages={fra=French, run=Kirundi}, population=11890781, continents=[Africa]}
Country{name=Name{common='Bahamas', official='Commonwealth of the Bahamas', nativeName={eng=NameNative{official='Commonwealth of the Bahamas', common='Bahamas'}}}, currencies={BSD=Currency{name='Bahamian dollar', symbol='$'}, USD=Currency{name='United States dollar', symbol='$'}}, capital=[Nassau], languages={eng=English}, population=393248, continents=[North America]}
Country{name=Name{common='Mauritius', official='Republic of Mauritius', nativeName={eng=NameNative{official='Republic of Mauritius', common='Mauritius'}, fra=NameNative{official='République de Maurice', common='Maurice'}, mfe=NameNative{official='Republik Moris', common='Moris'}}}, currencies={MUR=Currency{name='Mauritian rupee', symbol='₨'}}, capital=[Port Louis], languages={eng=English, fra=French, mfe=Mauritian Creole}, population=1265740, continents=[Africa]}
Country{name=Name{common='Libya', official='State of Libya', nativeName={ara=NameNative{official='الدولة ليبيا', common='‏ليبيا'}}}, currencies={LYD=Currency{name='Libyan dinar', symbol='ل.د'}}, capital=[Tripoli], languages={ara=Arabic}, population=6871287, continents=[Africa]}
Country{name=Name{common='Malawi', official='Republic of Malawi', nativeName={eng=NameNative{official='Republic of Malawi', common='Malawi'}, nya=NameNative{official='Chalo cha Malawi, Dziko la Malaŵi', common='Malaŵi'}}}, currencies={MWK=Currency{name='Malawian kwacha', symbol='MK'}}, capital=[Lilongwe], languages={eng=English, nya=Chewa}, population=19129955, continents=[Africa]}
Country{name=Name{common='Mexico', official='United Mexican States', nativeName={spa=NameNative{official='Estados Unidos Mexicanos', common='México'}}}, currencies={MXN=Currency{name='Mexican peso', symbol='$'}}, capital=[Mexico City], languages={spa=Spanish}, population=128932753, continents=[North America]}
Country{name=Name{common='Eswatini', official='Kingdom of Eswatini', nativeName={eng=NameNative{official='Kingdom of Eswatini', common='Eswatini'}, ssw=NameNative{official='Umbuso weSwatini', common='eSwatini'}}}, currencies={SZL=Currency{name='Swazi lilangeni', symbol='L'}, ZAR=Currency{name='South African rand', symbol='R'}}, capital=[Mbabane], languages={eng=English, ssw=Swazi}, population=1160164, continents=[Africa]}
Country{name=Name{common='Papua New Guinea', official='Independent State of Papua New Guinea', nativeName={eng=NameNative{official='Independent State of Papua New Guinea', common='Papua New Guinea'}, hmo=NameNative{official='Independen Stet bilong Papua Niugini', common='Papua Niu Gini'}, tpi=NameNative{official='Independen Stet bilong Papua Niugini', common='Papua Niugini'}}}, currencies={PGK=Currency{name='Papua New Guinean kina', symbol='K'}}, capital=[Port Moresby], languages={eng=English, hmo=Hiri Motu, tpi=Tok Pisin}, population=8947027, continents=[Oceania]}
Country{name=Name{common='Dominica', official='Commonwealth of Dominica', nativeName={eng=NameNative{official='Commonwealth of Dominica', common='Dominica'}}}, currencies={XCD=Currency{name='Eastern Caribbean dollar', symbol='$'}}, capital=[Roseau], languages={eng=English}, population=71991, continents=[North America]}
Country{name=Name{common='Liechtenstein', official='Principality of Liechtenstein', nativeName={deu=NameNative{official='Fürstentum Liechtenstein', common='Liechtenstein'}}}, currencies={CHF=Currency{name='Swiss franc', symbol='Fr'}}, capital=[Vaduz], languages={deu=German}, population=38137, continents=[Europe]}
Country{name=Name{common='Russia', official='Russian Federation', nativeName={rus=NameNative{official='Российская Федерация', common='Россия'}}}, currencies={RUB=Currency{name='Russian ruble', symbol='₽'}}, capital=[Moscow], languages={rus=Russian}, population=144104080, continents=[Europe, Asia]}
Country{name=Name{common='Israel', official='State of Israel', nativeName={ara=NameNative{official='دولة إسرائيل', common='إسرائيل'}, heb=NameNative{official='מדינת ישראל', common='ישראל'}}}, currencies={ILS=Currency{name='Israeli new shekel', symbol='₪'}}, capital=[Jerusalem], languages={ara=Arabic, heb=Hebrew}, population=9216900, continents=[Asia]}
Country{name=Name{common='Singapore', official='Republic of Singapore', nativeName={eng=NameNative{official='Republic of Singapore', common='Singapore'}, zho=NameNative{official='新加坡共和国', common='新加坡'}, msa=NameNative{official='Republik Singapura', common='Singapura'}, tam=NameNative{official='சிங்கப்பூர் குடியரசு', common='சிங்கப்பூர்'}}}, currencies={SGD=Currency{name='Singapore dollar', symbol='$'}}, capital=[Singapore], languages={eng=English, zho=Chinese, msa=Malay, tam=Tamil}, population=5685807, continents=[Asia]}
Country{name=Name{common='Uganda', official='Republic of Uganda', nativeName={eng=NameNative{official='Republic of Uganda', common='Uganda'}, swa=NameNative{official='Republic of Uganda', common='Uganda'}}}, currencies={UGX=Currency{name='Ugandan shilling', symbol='Sh'}}, capital=[Kampala], languages={eng=English, swa=Swahili}, population=45741000, continents=[Africa]}
Country{name=Name{common='Slovakia', official='Slovak Republic', nativeName={slk=NameNative{official='Slovenská republika', common='Slovensko'}}}, currencies={EUR=Currency{name='Euro', symbol='€'}}, capital=[Bratislava], languages={slk=Slovak}, population=5458827, continents=[Europe]}
Country{name=Name{common='Tonga', official='Kingdom of Tonga', nativeName={eng=NameNative{official='Kingdom of Tonga', common='Tonga'}, ton=NameNative{official='Kingdom of Tonga', common='Tonga'}}}, currencies={TOP=Currency{name='Tongan paʻanga', symbol='T$'}}, capital=[Nuku'alofa], languages={eng=English, ton=Tongan}, population=105697, continents=[Oceania]}
Country{name=Name{common='United Arab Emirates', official='United Arab Emirates', nativeName={ara=NameNative{official='الإمارات العربية المتحدة', common='دولة الإمارات العربية المتحدة'}}}, currencies={AED=Currency{name='United Arab Emirates dirham', symbol='د.إ'}}, capital=[Abu Dhabi], languages={ara=Arabic}, population=9890400, continents=[Asia]}
Country{name=Name{common='Mayotte', official='Department of Mayotte', nativeName={fra=NameNative{official='Département de Mayotte', common='Mayotte'}}}, currencies={EUR=Currency{name='Euro', symbol='€'}}, capital=[Mamoudzou], languages={fra=French}, population=226915, continents=[Africa]}
Country{name=Name{common='Suriname', official='Republic of Suriname', nativeName={nld=NameNative{official='Republiek Suriname', common='Suriname'}}}, currencies={SRD=Currency{name='Surinamese dollar', symbol='$'}}, capital=[Paramaribo], languages={nld=Dutch}, population=586634, continents=[South America]}
Country{name=Name{common='Uzbekistan', official='Republic of Uzbekistan', nativeName={rus=NameNative{official='Республика Узбекистан', common='Узбекистан'}, uzb=NameNative{official='O'zbekiston Respublikasi', common='O‘zbekiston'}}}, currencies={UZS=Currency{name='Uzbekistani soʻm', symbol='so'm'}}, capital=[Tashkent], languages={rus=Russian, uzb=Uzbek}, population=34232050, continents=[Asia]}
Country{name=Name{common='Saudi Arabia', official='Kingdom of Saudi Arabia', nativeName={ara=NameNative{official='المملكة العربية السعودية', common='العربية السعودية'}}}, currencies={SAR=Currency{name='Saudi riyal', symbol='ر.س'}}, capital=[Riyadh], languages={ara=Arabic}, population=34813867, continents=[Asia]}
Country{name=Name{common='Egypt', official='Arab Republic of Egypt', nativeName={ara=NameNative{official='جمهورية مصر العربية', common='مصر'}}}, currencies={EGP=Currency{name='Egyptian pound', symbol='£'}}, capital=[Cairo], languages={ara=Arabic}, population=102334403, continents=[Africa]}
Country{name=Name{common='Italy', official='Italian Republic', nativeName={ita=NameNative{official='Repubblica italiana', common='Italia'}}}, currencies={EUR=Currency{name='Euro', symbol='€'}}, capital=[Rome], languages={ita=Italian}, population=59554023, continents=[Europe]}
Country{name=Name{common='Madagascar', official='Republic of Madagascar', nativeName={fra=NameNative{official='République de Madagascar', common='Madagascar'}, mlg=NameNative{official='Repoblikan'i Madagasikara', common='Madagasikara'}}}, currencies={MGA=Currency{name='Malagasy ariary', symbol='Ar'}}, capital=[Antananarivo], languages={fra=French, mlg=Malagasy}, population=27691019, continents=[Africa]}
Country{name=Name{common='New Caledonia', official='New Caledonia', nativeName={fra=NameNative{official='Nouvelle-Calédonie', common='Nouvelle-Calédonie'}}}, currencies={XPF=Currency{name='CFP franc', symbol='₣'}}, capital=[Nouméa], languages={fra=French}, population=271960, continents=[Oceania]}
Country{name=Name{common='Canada', official='Canada', nativeName={eng=NameNative{official='Canada', common='Canada'}, fra=NameNative{official='Canada', common='Canada'}}}, currencies={CAD=Currency{name='Canadian dollar', symbol='$'}}, capital=[Ottawa], languages={eng=English, fra=French}, population=38005238, continents=[North America]}
Country{name=Name{common='United States Virgin Islands', official='Virgin Islands of the United States', nativeName={eng=NameNative{official='Virgin Islands of the United States', common='United States Virgin Islands'}}}, currencies={USD=Currency{name='United States dollar', symbol='$'}}, capital=[Charlotte Amalie], languages={eng=English}, population=106290, continents=[North America]}
Country{name=Name{common='Marshall Islands', official='Republic of the Marshall Islands', nativeName={eng=NameNative{official='Republic of the Marshall Islands', common='Marshall Islands'}, mah=NameNative{official='Republic of the Marshall Islands', common='M̧ajeļ'}}}, currencies={USD=Currency{name='United States dollar', symbol='$'}}, capital=[Majuro], languages={eng=English, mah=Marshallese}, population=59194, continents=[Oceania]}
Country{name=Name{common='Mauritania', official='Islamic Republic of Mauritania', nativeName={ara=NameNative{official='الجمهورية الإسلامية الموريتانية', common='موريتانيا'}}}, currencies={MRU=Currency{name='Mauritanian ouguiya', symbol='UM'}}, capital=[Nouakchott], languages={ara=Arabic}, population=4649660, continents=[Africa]}
Country{name=Name{common='Gambia', official='Republic of the Gambia', nativeName={eng=NameNative{official='Republic of the Gambia', common='Gambia'}}}, currencies={GMD=Currency{name='dalasi', symbol='D'}}, capital=[Banjul], languages={eng=English}, population=2416664, continents=[Africa]}
Country{name=Name{common='Trinidad and Tobago', official='Republic of Trinidad and Tobago', nativeName={eng=NameNative{official='Republic of Trinidad and Tobago', common='Trinidad and Tobago'}}}, currencies={TTD=Currency{name='Trinidad and Tobago dollar', symbol='$'}}, capital=[Port of Spain], languages={eng=English}, population=1399491, continents=[North America]}
Country{name=Name{common='Seychelles', official='Republic of Seychelles', nativeName={crs=NameNative{official='Repiblik Sesel', common='Sesel'}, eng=NameNative{official='Republic of Seychelles', common='Seychelles'}, fra=NameNative{official='République des Seychelles', common='Seychelles'}}}, currencies={SCR=Currency{name='Seychellois rupee', symbol='₨'}}, capital=[Victoria], languages={crs=Seychellois Creole, eng=English, fra=French}, population=98462, continents=[Africa]}
Country{name=Name{common='Japan', official='Japan', nativeName={jpn=NameNative{official='日本', common='日本'}}}, currencies={JPY=Currency{name='Japanese yen', symbol='¥'}}, capital=[Tokyo], languages={jpn=Japanese}, population=125836021, continents=[Asia]}
Country{name=Name{common='Brazil', official='Federative Republic of Brazil', nativeName={por=NameNative{official='República Federativa do Brasil', common='Brasil'}}}, currencies={BRL=Currency{name='Brazilian real', symbol='R$'}}, capital=[Brasília], languages={por=Portuguese}, population=212559409, continents=[South America]}
Country{name=Name{common='Syria', official='Syrian Arab Republic', nativeName={ara=NameNative{official='الجمهورية العربية السورية', common='سوريا'}}}, currencies={SYP=Currency{name='Syrian pound', symbol='£'}}, capital=[Damascus], languages={ara=Arabic}, population=17500657, continents=[Asia]}
Country{name=Name{common='Saint Helena, Ascension and Tristan da Cunha', official='Saint Helena, Ascension and Tristan da Cunha', nativeName={eng=NameNative{official='Saint Helena, Ascension and Tristan da Cunha', common='Saint Helena, Ascension and Tristan da Cunha'}}}, currencies={GBP=Currency{name='Pound sterling', symbol='£'}, SHP=Currency{name='Saint Helena pound', symbol='£'}}, capital=[Jamestown], languages={eng=English}, population=53192, continents=[Africa]}
Country{name=Name{common='Tanzania', official='United Republic of Tanzania', nativeName={eng=NameNative{official='United Republic of Tanzania', common='Tanzania'}, swa=NameNative{official='Jamhuri ya Muungano wa Tanzania', common='Tanzania'}}}, currencies={TZS=Currency{name='Tanzanian shilling', symbol='Sh'}}, capital=[Dodoma], languages={eng=English, swa=Swahili}, population=59734213, continents=[Africa]}
Country{name=Name{common='Andorra', official='Principality of Andorra', nativeName={cat=NameNative{official='Principat d'Andorra', common='Andorra'}}}, currencies={EUR=Currency{name='Euro', symbol='€'}}, capital=[Andorra la Vella], languages={cat=Catalan}, population=77265, continents=[Europe]}
Country{name=Name{common='Iran', official='Islamic Republic of Iran', nativeName={fas=NameNative{official='جمهوری اسلامی ایران', common='ایران'}}}, currencies={IRR=Currency{name='Iranian rial', symbol='﷼'}}, capital=[Tehran], languages={fas=Persian (Farsi)}, population=83992953, continents=[Asia]}
Country{name=Name{common='Togo', official='Togolese Republic', nativeName={fra=NameNative{official='République togolaise', common='Togo'}}}, currencies={XOF=Currency{name='West African CFA franc', symbol='Fr'}}, capital=[Lomé], languages={fra=French}, population=8278737, continents=[Africa]}
Country{name=Name{common='Malta', official='Republic of Malta', nativeName={eng=NameNative{official='Republic of Malta', common='Malta'}, mlt=NameNative{official='Repubblika ta ' Malta', common='Malta'}}}, currencies={EUR=Currency{name='Euro', symbol='€'}}, capital=[Valletta], languages={eng=English, mlt=Maltese}, population=525285, continents=[Europe]}
Country{name=Name{common='South Korea', official='Republic of Korea', nativeName={kor=NameNative{official='대한민국', common='한국'}}}, currencies={KRW=Currency{name='South Korean won', symbol='₩'}}, capital=[Seoul], languages={kor=Korean}, population=51780579, continents=[Asia]}
Country{name=Name{common='Samoa', official='Independent State of Samoa', nativeName={eng=NameNative{official='Independent State of Samoa', common='Samoa'}, smo=NameNative{official='Malo Saʻoloto Tutoʻatasi o Sāmoa', common='Sāmoa'}}}, currencies={WST=Currency{name='Samoan tālā', symbol='T'}}, capital=[Apia], languages={eng=English, smo=Samoan}, population=198410, continents=[Oceania]}
Country{name=Name{common='Germany', official='Federal Republic of Germany', nativeName={deu=NameNative{official='Bundesrepublik Deutschland', common='Deutschland'}}}, currencies={EUR=Currency{name='Euro', symbol='€'}}, capital=[Berlin], languages={deu=German}, population=83240525, continents=[Europe]}
Country{name=Name{common='Niger', official='Republic of Niger', nativeName={fra=NameNative{official='République du Niger', common='Niger'}}}, currencies={XOF=Currency{name='West African CFA franc', symbol='Fr'}}, capital=[Niamey], languages={fra=French}, population=24206636, continents=[Africa]}
Country{name=Name{common='Bouvet Island', official='Bouvet Island', nativeName={nor=NameNative{official='Bouvetøya', common='Bouvetøya'}}}, currencies={}, capital=[], languages={nor=Norwegian}, population=0, continents=[Antarctica]}
Country{name=Name{common='Jamaica', official='Jamaica', nativeName={eng=NameNative{official='Jamaica', common='Jamaica'}, jam=NameNative{official='Jamaica', common='Jamaica'}}}, currencies={JMD=Currency{name='Jamaican dollar', symbol='$'}}, capital=[Kingston], languages={eng=English, jam=Jamaican Patois}, population=2961161, continents=[North America]}
Country{name=Name{common='Nicaragua', official='Republic of Nicaragua', nativeName={spa=NameNative{official='República de Nicaragua', common='Nicaragua'}}}, currencies={NIO=Currency{name='Nicaraguan córdoba', symbol='C$'}}, capital=[Managua], languages={spa=Spanish}, population=6624554, continents=[North America]}
Country{name=Name{common='Guinea', official='Republic of Guinea', nativeName={fra=NameNative{official='République de Guinée', common='Guinée'}}}, currencies={GNF=Currency{name='Guinean franc', symbol='Fr'}}, capital=[Conakry], languages={fra=French}, population=13132792, continents=[Africa]}
Country{name=Name{common='Anguilla', official='Anguilla', nativeName={eng=NameNative{official='Anguilla', common='Anguilla'}}}, currencies={XCD=Currency{name='Eastern Caribbean dollar', symbol='$'}}, capital=[The Valley], languages={eng=English}, population=13452, continents=[North America]}
Country{name=Name{common='Åland Islands', official='Åland Islands', nativeName={swe=NameNative{official='Landskapet Åland', common='Åland'}}}, currencies={EUR=Currency{name='Euro', symbol='€'}}, capital=[Mariehamn], languages={swe=Swedish}, population=29458, continents=[Europe]}
Country{name=Name{common='Belgium', official='Kingdom of Belgium', nativeName={deu=NameNative{official='Königreich Belgien', common='Belgien'}, fra=NameNative{official='Royaume de Belgique', common='Belgique'}, nld=NameNative{official='Koninkrijk België', common='België'}}}, currencies={EUR=Currency{name='Euro', symbol='€'}}, capital=[Brussels], languages={deu=German, fra=French, nld=Dutch}, population=11555997, continents=[Europe]}
Country{name=Name{common='Portugal', official='Portuguese Republic', nativeName={por=NameNative{official='República português', common='Portugal'}}}, currencies={EUR=Currency{name='Euro', symbol='€'}}, capital=[Lisbon], languages={por=Portuguese}, population=10305564, continents=[Europe]}
Country{name=Name{common='Denmark', official='Kingdom of Denmark', nativeName={dan=NameNative{official='Kongeriget Danmark', common='Danmark'}}}, currencies={DKK=Currency{name='Danish krone', symbol='kr'}}, capital=[Copenhagen], languages={dan=Danish}, population=5831404, continents=[Europe]}
Country{name=Name{common='Philippines', official='Republic of the Philippines', nativeName={eng=NameNative{official='Republic of the Philippines', common='Philippines'}, fil=NameNative{official='Republic of the Philippines', common='Pilipinas'}}}, currencies={PHP=Currency{name='Philippine peso', symbol='₱'}}, capital=[Manila], languages={eng=English, fil=Filipino}, population=109581085, continents=[Asia]}
Country{name=Name{common='Wallis and Futuna', official='Territory of the Wallis and Futuna Islands', nativeName={fra=NameNative{official='Territoire des îles Wallis et Futuna', common='Wallis et Futuna'}}}, currencies={XPF=Currency{name='CFP franc', symbol='₣'}}, capital=[Mata-Utu], languages={fra=French}, population=11750, continents=[Oceania]}
Country{name=Name{common='Austria', official='Republic of Austria', nativeName={bar=NameNative{official='Republik Österreich', common='Österreich'}}}, currencies={EUR=Currency{name='Euro', symbol='€'}}, capital=[Vienna], languages={de=German}, population=8917205, continents=[Europe]}
Country{name=Name{common='Guinea-Bissau', official='Republic of Guinea-Bissau', nativeName={por=NameNative{official='República da Guiné-Bissau', common='Guiné-Bissau'}, pov=NameNative{official='República da Guiné-Bissau', common='Guiné-Bissau'}}}, currencies={XOF=Currency{name='West African CFA franc', symbol='Fr'}}, capital=[Bissau], languages={por=Portuguese, pov=Upper Guinea Creole}, population=1967998, continents=[Africa]}
Country{name=Name{common='Monaco', official='Principality of Monaco', nativeName={fra=NameNative{official='Principauté de Monaco', common='Monaco'}}}, currencies={EUR=Currency{name='Euro', symbol='€'}}, capital=[Monaco], languages={fra=French}, population=39244, continents=[Europe]}
Country{name=Name{common='Namibia', official='Republic of Namibia', nativeName={afr=NameNative{official='Republiek van Namibië', common='Namibië'}, deu=NameNative{official='Republik Namibia', common='Namibia'}, eng=NameNative{official='Republic of Namibia', common='Namibia'}, her=NameNative{official='Republic of Namibia', common='Namibia'}, hgm=NameNative{official='Republic of Namibia', common='Namibia'}, kwn=NameNative{official='Republic of Namibia', common='Namibia'}, loz=NameNative{official='Republic of Namibia', common='Namibia'}, ndo=NameNative{official='Republic of Namibia', common='Namibia'}, tsn=NameNative{official='Lefatshe la Namibia', common='Namibia'}}}, currencies={NAD=Currency{name='Namibian dollar', symbol='$'}, ZAR=Currency{name='South African rand', symbol='R'}}, capital=[Windhoek], languages={afr=Afrikaans, deu=German, eng=English, her=Herero, hgm=Khoekhoe, kwn=Kwangali, loz=Lozi, ndo=Ndonga, tsn=Tswana}, population=2540916, continents=[Africa]}
Country{name=Name{common='United States Minor Outlying Islands', official='United States Minor Outlying Islands', nativeName={eng=NameNative{official='United States Minor Outlying Islands', common='United States Minor Outlying Islands'}}}, currencies={USD=Currency{name='United States dollar', symbol='$'}}, capital=[Washington DC], languages={eng=English}, population=300, continents=[Oceania]}
Country{name=Name{common='Costa Rica', official='Republic of Costa Rica', nativeName={spa=NameNative{official='República de Costa Rica', common='Costa Rica'}}}, currencies={CRC=Currency{name='Costa Rican colón', symbol='₡'}}, capital=[San José], languages={spa=Spanish}, population=5094114, continents=[North America]}
Country{name=Name{common='Bosnia and Herzegovina', official='Bosnia and Herzegovina', nativeName={bos=NameNative{official='Bosna i Hercegovina', common='Bosna i Hercegovina'}, hrv=NameNative{official='Bosna i Hercegovina', common='Bosna i Hercegovina'}, srp=NameNative{official='Босна и Херцеговина', common='Босна и Херцеговина'}}}, currencies={BAM=Currency{name='Bosnia and Herzegovina convertible mark', symbol=''}}, capital=[Sarajevo], languages={bos=Bosnian, hrv=Croatian, srp=Serbian}, population=3280815, continents=[Europe]}
Country{name=Name{common='Macau', official='Macao Special Administrative Region of the People's Republic of China', nativeName={por=NameNative{official='Região Administrativa Especial de Macau da República Popular da China', common='Macau'}, zho=NameNative{official='中华人民共和国澳门特别行政区', common='澳门'}}}, currencies={MOP=Currency{name='Macanese pataca', symbol='P'}}, capital=[], languages={por=Portuguese, zho=Chinese}, population=649342, continents=[Asia]}
Country{name=Name{common='Mozambique', official='Republic of Mozambique', nativeName={por=NameNative{official='República de Moçambique', common='Moçambique'}}}, currencies={MZN=Currency{name='Mozambican metical', symbol='MT'}}, capital=[Maputo], languages={por=Portuguese}, population=31255435, continents=[Africa]}
Country{name=Name{common='Réunion', official='Réunion Island', nativeName={fra=NameNative{official='Ile de la Réunion', common='La Réunion'}}}, currencies={EUR=Currency{name='Euro', symbol='€'}}, capital=[Saint-Denis], languages={fra=French}, population=840974, continents=[Africa]}
Country{name=Name{common='Montenegro', official='Montenegro', nativeName={cnr=NameNative{official='Црна Гора', common='Црна Гора'}}}, currencies={EUR=Currency{name='Euro', symbol='€'}}, capital=[Podgorica], languages={cnr=Montenegrin}, population=621718, continents=[Europe]}
Country{name=Name{common='North Korea', official='Democratic People's Republic of Korea', nativeName={kor=NameNative{official='조선민주주의인민공화국', common='조선'}}}, currencies={KPW=Currency{name='North Korean won', symbol='₩'}}, capital=[Pyongyang], languages={kor=Korean}, population=25778815, continents=[Asia]}
Country{name=Name{common='Northern Mariana Islands', official='Commonwealth of the Northern Mariana Islands', nativeName={cal=NameNative{official='Commonwealth of the Northern Mariana Islands', common='Northern Mariana Islands'}, cha=NameNative{official='Sankattan Siha Na Islas Mariånas', common='Na Islas Mariånas'}, eng=NameNative{official='Commonwealth of the Northern Mariana Islands', common='Northern Mariana Islands'}}}, currencies={USD=Currency{name='United States dollar', symbol='$'}}, capital=[Saipan], languages={cal=Carolinian, cha=Chamorro, eng=English}, population=57557, continents=[Oceania]}
Country{name=Name{common='Ukraine', official='Ukraine', nativeName={ukr=NameNative{official='Україна', common='Україна'}}}, currencies={UAH=Currency{name='Ukrainian hryvnia', symbol='₴'}}, capital=[Kyiv], languages={ukr=Ukrainian}, population=44134693, continents=[Europe]}
Country{name=Name{common='Iraq', official='Republic of Iraq', nativeName={ara=NameNative{official='جمهورية العراق', common='العراق'}, arc=NameNative{official='ܩܘܼܛܢܵܐ ܐܝܼܪܲܩ', common='ܩܘܼܛܢܵܐ'}, ckb=NameNative{official='کۆماری عێراق', common='کۆماری'}}}, currencies={IQD=Currency{name='Iraqi dinar', symbol='ع.د'}}, capital=[Baghdad], languages={ara=Arabic, arc=Aramaic, ckb=Sorani}, population=40222503, continents=[Asia]}
Country{name=Name{common='South Georgia', official='South Georgia and the South Sandwich Islands', nativeName={eng=NameNative{official='South Georgia and the South Sandwich Islands', common='South Georgia'}}}, currencies={SHP=Currency{name='Saint Helena pound', symbol='£'}}, capital=[King Edward Point], languages={eng=English}, population=30, continents=[Antarctica]}
Country{name=Name{common='Angola', official='Republic of Angola', nativeName={por=NameNative{official='República de Angola', common='Angola'}}}, currencies={AOA=Currency{name='Angolan kwanza', symbol='Kz'}}, capital=[Luanda], languages={por=Portuguese}, population=32866268, continents=[Africa]}
Country{name=Name{common='Sierra Leone', official='Republic of Sierra Leone', nativeName={eng=NameNative{official='Republic of Sierra Leone', common='Sierra Leone'}}}, currencies={SLL=Currency{name='Sierra Leonean leone', symbol='Le'}}, capital=[Freetown], languages={eng=English}, population=7976985, continents=[Africa]}
Country{name=Name{common='Micronesia', official='Federated States of Micronesia', nativeName={eng=NameNative{official='Federated States of Micronesia', common='Micronesia'}}}, currencies={USD=Currency{name='United States dollar', symbol='$'}}, capital=[Palikir], languages={eng=English}, population=115021, continents=[Oceania]}
Country{name=Name{common='Cuba', official='Republic of Cuba', nativeName={spa=NameNative{official='República de Cuba', common='Cuba'}}}, currencies={CUC=Currency{name='Cuban convertible peso', symbol='$'}, CUP=Currency{name='Cuban peso', symbol='$'}}, capital=[Havana], languages={spa=Spanish}, population=11326616, continents=[North America]}
Country{name=Name{common='Turks and Caicos Islands', official='Turks and Caicos Islands', nativeName={eng=NameNative{official='Turks and Caicos Islands', common='Turks and Caicos Islands'}}}, currencies={USD=Currency{name='United States dollar', symbol='$'}}, capital=[Cockburn Town], languages={eng=English}, population=38718, continents=[North America]}
Country{name=Name{common='Serbia', official='Republic of Serbia', nativeName={srp=NameNative{official='Република Србија', common='Србија'}}}, currencies={RSD=Currency{name='Serbian dinar', symbol='дин.'}}, capital=[Belgrade], languages={srp=Serbian}, population=6908224, continents=[Europe]}
Country{name=Name{common='Ecuador', official='Republic of Ecuador', nativeName={spa=NameNative{official='República del Ecuador', common='Ecuador'}}}, currencies={USD=Currency{name='United States dollar', symbol='$'}}, capital=[Quito], languages={spa=Spanish}, population=17643060, continents=[South America]}
[...]
Country{name=Name{common='Gibraltar', official='Gibraltar', nativeName={eng=NameNative{official='Gibraltar', common='Gibraltar'}}}, currencies={GIP=Currency{name='Gibraltar pound', symbol='£'}}, capital=[Gibraltar], languages={eng=English}, population=33691, continents=[Europe]}
Country{name=Name{common='Iceland', official='Iceland', nativeName={isl=NameNative{official='Ísland', common='Ísland'}}}, currencies={ISK=Currency{name='Icelandic króna', symbol='kr'}}, capital=[Reykjavik], languages={isl=Icelandic}, population=366425, continents=[Europe]}
Country{name=Name{common='Palau', official='Republic of Palau', nativeName={eng=NameNative{official='Republic of Palau', common='Palau'}, pau=NameNative{official='Beluu er a Belau', common='Belau'}}}, currencies={USD=Currency{name='United States dollar', symbol='$'}}, capital=[Ngerulmud], languages={eng=English, pau=Palauan}, population=18092, continents=[Oceania]}
Country{name=Name{common='Qatar', official='State of Qatar', nativeName={ara=NameNative{official='دولة قطر', common='قطر'}}}, currencies={QAR=Currency{name='Qatari riyal', symbol='ر.ق'}}, capital=[Doha], languages={ara=Arabic}, population=2881060, continents=[Asia]}
Country{name=Name{common='Switzerland', official='Swiss Confederation', nativeName={fra=NameNative{official='Confédération suisse', common='Suisse'}, gsw=NameNative{official='Schweizerische Eidgenossenschaft', common='Schweiz'}, ita=NameNative{official='Confederazione Svizzera', common='Svizzera'}, roh=NameNative{official='Confederaziun svizra', common='Svizra'}}}, currencies={CHF=Currency{name='Swiss franc', symbol='Fr.'}}, capital=[Bern], languages={fra=French, gsw=Swiss German, ita=Italian, roh=Romansh}, population=8654622, continents=[Europe]}
Country{name=Name{common='French Polynesia', official='French Polynesia', nativeName={fra=NameNative{official='Polynésie française', common='Polynésie française'}}}, currencies={XPF=Currency{name='CFP franc', symbol='₣'}}, capital=[Papeetē], languages={fra=French}, population=280904, continents=[Oceania]}
Country{name=Name{common='Pitcairn Islands', official='Pitcairn Group of Islands', nativeName={eng=NameNative{official='Pitcairn Group of Islands', common='Pitcairn Islands'}}}, currencies={NZD=Currency{name='New Zealand dollar', symbol='$'}}, capital=[Adamstown], languages={eng=English}, population=56, continents=[Oceania]}
Country{name=Name{common='Jordan', official='Hashemite Kingdom of Jordan', nativeName={ara=NameNative{official='المملكة الأردنية الهاشمية', common='الأردن'}}}, currencies={JOD=Currency{name='Jordanian dinar', symbol='د.ا'}}, capital=[Amman], languages={ara=Arabic}, population=10203140, continents=[Asia]}
Country{name=Name{common='Myanmar', official='Republic of the Union of Myanmar', nativeName={mya=NameNative{official='ပြည်ထောင်စု သမ္မတ မြန်မာနိုင်ငံတော်', common='မြန်မာ'}}}, currencies={MMK=Currency{name='Burmese kyat', symbol='Ks'}}, capital=[Naypyidaw], languages={mya=Burmese}, population=54409794, continents=[Asia]}
Country{name=Name{common='Thailand', official='Kingdom of Thailand', nativeName={tha=NameNative{official='ราชอาณาจักรไทย', common='ประเทศไทย'}}}, currencies={THB=Currency{name='Thai baht', symbol='฿'}}, capital=[Bangkok], languages={tha=Thai}, population=69799978, continents=[Asia]}
Country{name=Name{common='Caribbean Netherlands', official='Bonaire, Sint Eustatius and Saba', nativeName={nld=NameNative{official='Bonaire, Sint Eustatius en Saba', common='Caribisch Nederland'}, pap=NameNative{official='Boneiru, Sint Eustatius y Saba', common='Boneiru, Sint Eustatius y Saba'}}}, currencies={USD=Currency{name='United States dollar', symbol='$'}}, capital=[Kralendijk], languages={eng=English, nld=Dutch, pap=Papiamento}, population=25987, continents=[North America]}
Country{name=Name{common='Aruba', official='Aruba', nativeName={nld=NameNative{official='Aruba', common='Aruba'}, pap=NameNative{official='Aruba', common='Aruba'}}}, currencies={AWG=Currency{name='Aruban florin', symbol='ƒ'}}, capital=[Oranjestad], languages={nld=Dutch, pap=Papiamento}, population=106766, continents=[North America]}
Country{name=Name{common='Guadeloupe', official='Guadeloupe', nativeName={fra=NameNative{official='Guadeloupe', common='Guadeloupe'}}}, currencies={EUR=Currency{name='Euro', symbol='€'}}, capital=[Basse-Terre], languages={fra=French}, population=400132, continents=[North America]}
Country{name=Name{common='Nigeria', official='Federal Republic of Nigeria', nativeName={eng=NameNative{official='Federal Republic of Nigeria', common='Nigeria'}}}, currencies={NGN=Currency{name='Nigerian naira', symbol='₦'}}, capital=[Abuja], languages={eng=English}, population=206139587, continents=[Africa]}
Country{name=Name{common='Bahrain', official='Kingdom of Bahrain', nativeName={ara=NameNative{official='مملكة البحرين', common='‏البحرين'}}}, currencies={BHD=Currency{name='Bahraini dinar', symbol='.د.ب'}}, capital=[Manama], languages={ara=Arabic}, population=1701583, continents=[Asia]}
Country{name=Name{common='Laos', official='Lao People's Democratic Republic', nativeName={lao=NameNative{official='ສາທາລະນະ ຊາທິປະໄຕ ຄົນລາວ ຂອງ', common='ສປປລາວ'}}}, currencies={LAK=Currency{name='Lao kip', symbol='₭'}}, capital=[Vientiane], languages={lao=Lao}, population=7275556, continents=[Asia]}
Country{name=Name{common='Cocos (Keeling) Islands', official='Territory of the Cocos (Keeling) Islands', nativeName={eng=NameNative{official='Territory of the Cocos (Keeling) Islands', common='Cocos (Keeling) Islands'}}}, currencies={AUD=Currency{name='Australian dollar', symbol='$'}}, capital=[West Island], languages={eng=English}, population=544, continents=[Asia]}
Country{name=Name{common='Djibouti', official='Republic of Djibouti', nativeName={ara=NameNative{official='جمهورية جيبوتي', common='جيبوتي‎'}, fra=NameNative{official='République de Djibouti', common='Djibouti'}}}, currencies={DJF=Currency{name='Djiboutian franc', symbol='Fr'}}, capital=[Djibouti], languages={ara=Arabic, fra=French}, population=988002, continents=[Africa]}
Country{name=Name{common='Solomon Islands', official='Solomon Islands', nativeName={eng=NameNative{official='Solomon Islands', common='Solomon Islands'}}}, currencies={SBD=Currency{name='Solomon Islands dollar', symbol='$'}}, capital=[Honiara], languages={eng=English}, population=686878, continents=[Oceania]}
Country{name=Name{common='Heard Island and McDonald Islands', official='Heard Island and McDonald Islands', nativeName={eng=NameNative{official='Heard Island and McDonald Islands', common='Heard Island and McDonald Islands'}}}, currencies={}, capital=[], languages={eng=English}, population=0, continents=[Antarctica]}
Country{name=Name{common='India', official='Republic of India', nativeName={eng=NameNative{official='Republic of India', common='India'}, hin=NameNative{official='भारत गणराज्य', common='भारत'}, tam=NameNative{official='இந்தியக் குடியரசு', common='இந்தியா'}}}, currencies={INR=Currency{name='Indian rupee', symbol='₹'}}, capital=[New Delhi], languages={eng=English, hin=Hindi, tam=Tamil}, population=1380004385, continents=[Asia]}
Country{name=Name{common='San Marino', official='Republic of San Marino', nativeName={ita=NameNative{official='Repubblica di San Marino', common='San Marino'}}}, currencies={EUR=Currency{name='Euro', symbol='€'}}, capital=[City of San Marino], languages={ita=Italian}, population=33938, continents=[Europe]}
Country{name=Name{common='Luxembourg', official='Grand Duchy of Luxembourg', nativeName={deu=NameNative{official='Großherzogtum Luxemburg', common='Luxemburg'}, fra=NameNative{official='Grand-Duché de Luxembourg', common='Luxembourg'}, ltz=NameNative{official='Groussherzogtum Lëtzebuerg', common='Lëtzebuerg'}}}, currencies={EUR=Currency{name='Euro', symbol='€'}}, capital=[Luxembourg], languages={deu=German, fra=French, ltz=Luxembourgish}, population=632275, continents=[Europe]}
Country{name=Name{common='Sint Maarten', official='Sint Maarten', nativeName={eng=NameNative{official='Sint Maarten', common='Sint Maarten'}, fra=NameNative{official='Saint-Martin', common='Saint-Martin'}, nld=NameNative{official='Sint Maarten', common='Sint Maarten'}}}, currencies={ANG=Currency{name='Netherlands Antillean guilder', symbol='ƒ'}}, capital=[Philipsburg], languages={eng=English, fra=French, nld=Dutch}, population=40812, continents=[North America]}
Country{name=Name{common='Falkland Islands', official='Falkland Islands', nativeName={eng=NameNative{official='Falkland Islands', common='Falkland Islands'}}}, currencies={FKP=Currency{name='Falkland Islands pound', symbol='£'}}, capital=[Stanley], languages={eng=English}, population=2563, continents=[South America]}
Country{name=Name{common='Central African Republic', official='Central African Republic', nativeName={fra=NameNative{official='République centrafricaine', common='République centrafricaine'}, sag=NameNative{official='Ködörösêse tî Bêafrîka', common='Bêafrîka'}}}, currencies={XAF=Currency{name='Central African CFA franc', symbol='Fr'}}, capital=[Bangui], languages={fra=French, sag=Sango}, population=4829764, continents=[Africa]}
Country{name=Name{common='Botswana', official='Republic of Botswana', nativeName={eng=NameNative{official='Republic of Botswana', common='Botswana'}, tsn=NameNative{official='Lefatshe la Botswana', common='Botswana'}}}, currencies={BWP=Currency{name='Botswana pula', symbol='P'}}, capital=[Gaborone], languages={eng=English, tsn=Tswana}, population=2351625, continents=[Africa]}
Country{name=Name{common='Curaçao', official='Country of Curaçao', nativeName={eng=NameNative{official='Country of Curaçao', common='Curaçao'}, nld=NameNative{official='Land Curaçao', common='Curaçao'}, pap=NameNative{official='Pais Kòrsou', common='Pais Kòrsou'}}}, currencies={ANG=Currency{name='Netherlands Antillean guilder', symbol='ƒ'}}, capital=[Willemstad], languages={eng=English, nld=Dutch, pap=Papiamento}, population=155014, continents=[North America]}
Country{name=Name{common='Guernsey', official='Bailiwick of Guernsey', nativeName={eng=NameNative{official='Bailiwick of Guernsey', common='Guernsey'}, fra=NameNative{official='Bailliage de Guernesey', common='Guernesey'}, nfr=NameNative{official='Dgèrnésiais', common='Dgèrnésiais'}}}, currencies={GBP=Currency{name='British pound', symbol='£'}, GGP=Currency{name='Guernsey pound', symbol='£'}}, capital=[St. Peter Port], languages={eng=English, fra=French, nfr=Guernésiais}, population=62999, continents=[Europe]}
Country{name=Name{common='Norway', official='Kingdom of Norway', nativeName={nno=NameNative{official='Kongeriket Noreg', common='Noreg'}, nob=NameNative{official='Kongeriket Norge', common='Norge'}, smi=NameNative{official='Norgga gonagasriika', common='Norgga'}}}, currencies={NOK=Currency{name='Norwegian krone', symbol='kr'}}, capital=[Oslo], languages={nno=Norwegian Nynorsk, nob=Norwegian Bokmål, smi=Sami}, population=5379475, continents=[Europe]}
Country{name=Name{common='Gabon', official='Gabonese Republic', nativeName={fra=NameNative{official='République gabonaise', common='Gabon'}}}, currencies={XAF=Currency{name='Central African CFA franc', symbol='Fr'}}, capital=[Libreville], languages={fra=French}, population=2225728, continents=[Africa]}
Country{name=Name{common='Zimbabwe', official='Republic of Zimbabwe', nativeName={bwg=NameNative{official='Republic of Zimbabwe', common='Zimbabwe'}, eng=NameNative{official='Republic of Zimbabwe', common='Zimbabwe'}, kck=NameNative{official='Republic of Zimbabwe', common='Zimbabwe'}, khi=NameNative{official='Republic of Zimbabwe', common='Zimbabwe'}, ndc=NameNative{official='Republic of Zimbabwe', common='Zimbabwe'}, nde=NameNative{official='Republic of Zimbabwe', common='Zimbabwe'}, nya=NameNative{official='Republic of Zimbabwe', common='Zimbabwe'}, sna=NameNative{official='Republic of Zimbabwe', common='Zimbabwe'}, sot=NameNative{official='Republic of Zimbabwe', common='Zimbabwe'}, toi=NameNative{official='Republic of Zimbabwe', common='Zimbabwe'}, tsn=NameNative{official='Republic of Zimbabwe', common='Zimbabwe'}, tso=NameNative{official='Republic of Zimbabwe', common='Zimbabwe'}, ven=NameNative{official='Republic of Zimbabwe', common='Zimbabwe'}, xho=NameNative{official='Republic of Zimbabwe', common='Zimbabwe'}, zib=NameNative{official='Republic of Zimbabwe', common='Zimbabwe'}}}, currencies={ZWL=Currency{name='Zimbabwean dollar', symbol='$'}}, capital=[Harare], languages={bwg=Chibarwe, eng=English, kck=Kalanga, khi=Khoisan, ndc=Ndau, nde=Northern Ndebele, nya=Chewa, sna=Shona, sot=Sotho, toi=Tonga, tsn=Tswana, tso=Tsonga, ven=Venda, xho=Xhosa, zib=Zimbabwean Sign Language}, population=14862927, continents=[Africa]}
Country{name=Name{common='Lesotho', official='Kingdom of Lesotho', nativeName={eng=NameNative{official='Kingdom of Lesotho', common='Lesotho'}, sot=NameNative{official='Kingdom of Lesotho', common='Lesotho'}}}, currencies={LSL=Currency{name='Lesotho loti', symbol='L'}, ZAR=Currency{name='South African rand', symbol='R'}}, capital=[Maseru], languages={eng=English, sot=Sotho}, population=2142252, continents=[Africa]}
Country{name=Name{common='Slovenia', official='Republic of Slovenia', nativeName={slv=NameNative{official='Republika Slovenija', common='Slovenija'}}}, currencies={EUR=Currency{name='Euro', symbol='€'}}, capital=[Ljubljana], languages={slv=Slovene}, population=2100126, continents=[Europe]}
Country{name=Name{common='Argentina', official='Argentine Republic', nativeName={grn=NameNative{official='Argentine Republic', common='Argentina'}, spa=NameNative{official='República Argentina', common='Argentina'}}}, currencies={ARS=Currency{name='Argentine peso', symbol='$'}}, capital=[Buenos Aires], languages={grn=Guaraní, spa=Spanish}, population=45376763, continents=[South America]}
Country{name=Name{common='Burkina Faso', official='Burkina Faso', nativeName={fra=NameNative{official='République du Burkina', common='Burkina Faso'}}}, currencies={XOF=Currency{name='West African CFA franc', symbol='Fr'}}, capital=[Ouagadougou], languages={fra=French}, population=20903278, continents=[Africa]}
Country{name=Name{common='Yemen', official='Republic of Yemen', nativeName={ara=NameNative{official='الجمهورية اليمنية', common='اليَمَن'}}}, currencies={YER=Currency{name='Yemeni rial', symbol='﷼'}}, capital=[Sana'a], languages={ara=Arabic}, population=29825968, continents=[Asia]}
Country{name=Name{common='DR Congo', official='Democratic Republic of the Congo', nativeName={fra=NameNative{official='République démocratique du Congo', common='RD Congo'}, kon=NameNative{official='Repubilika ya Kongo Demokratiki', common='Repubilika ya Kongo Demokratiki'}, lin=NameNative{official='Republiki ya Kongó Demokratiki', common='Republiki ya Kongó Demokratiki'}, lua=NameNative{official='Ditunga dia Kongu wa Mungalaata', common='Ditunga dia Kongu wa Mungalaata'}, swa=NameNative{official='Jamhuri ya Kidemokrasia ya Kongo', common='Jamhuri ya Kidemokrasia ya Kongo'}}}, currencies={CDF=Currency{name='Congolese franc', symbol='FC'}}, capital=[Kinshasa], languages={fra=French, kon=Kikongo, lin=Lingala, lua=Tshiluba, swa=Swahili}, population=108407721, continents=[Africa]}
Country{name=Name{common='Oman', official='Sultanate of Oman', nativeName={ara=NameNative{official='سلطنة عمان', common='عمان'}}}, currencies={OMR=Currency{name='Omani rial', symbol='ر.ع.'}}, capital=[Muscat], languages={ara=Arabic}, population=5106622, continents=[Asia]}
Country{name=Name{common='Indonesia', official='Republic of Indonesia', nativeName={ind=NameNative{official='Republik Indonesia', common='Indonesia'}}}, currencies={IDR=Currency{name='Indonesian rupiah', symbol='Rp'}}, capital=[Jakarta], languages={ind=Indonesian}, population=273523621, continents=[Asia]}
Country{name=Name{common='Nauru', official='Republic of Nauru', nativeName={eng=NameNative{official='Republic of Nauru', common='Nauru'}, nau=NameNative{official='Republic of Nauru', common='Nauru'}}}, currencies={AUD=Currency{name='Australian dollar', symbol='$'}}, capital=[Yaren], languages={eng=English, nau=Nauru}, population=10834, continents=[Oceania]}
Country{name=Name{common='Rwanda', official='Republic of Rwanda', nativeName={eng=NameNative{official='Republic of Rwanda', common='Rwanda'}, fra=NameNative{official='République rwandaise', common='Rwanda'}, kin=NameNative{official='Repubulika y'u Rwanda', common='Rwanda'}}}, currencies={RWF=Currency{name='Rwandan franc', symbol='Fr'}}, capital=[Kigali], languages={eng=English, fra=French, kin=Kinyarwanda}, population=12952209, continents=[Africa]}
Country{name=Name{common='North Macedonia', official='Republic of North Macedonia', nativeName={mkd=NameNative{official='Република Северна Македонија', common='Македонија'}}}, currencies={MKD=Currency{name='denar', symbol='den'}}, capital=[Skopje], languages={mkd=Macedonian}, population=2077132, continents=[Europe]}
Country{name=Name{common='Kosovo', official='Republic of Kosovo', nativeName={sqi=NameNative{official='Republika e Kosovës', common='Kosova'}, srp=NameNative{official='Република Косово', common='Косово'}}}, currencies={EUR=Currency{name='Euro', symbol='€'}}, capital=[Pristina], languages={sqi=Albanian, srp=Serbian}, population=1775378, continents=[Europe]}
Country{name=Name{common='Netherlands', official='Kingdom of the Netherlands', nativeName={nld=NameNative{official='Koninkrijk der Nederlanden', common='Nederland'}}}, currencies={EUR=Currency{name='Euro', symbol='€'}}, capital=[Amsterdam], languages={nld=Dutch}, population=16655799, continents=[Europe]}
Country{name=Name{common='Tunisia', official='Tunisian Republic', nativeName={ara=NameNative{official='الجمهورية التونسية', common='تونس'}}}, currencies={TND=Currency{name='Tunisian dinar', symbol='د.ت'}}, capital=[Tunis], languages={ara=Arabic}, population=11818618, continents=[Africa]}
Country{name=Name{common='South Sudan', official='Republic of South Sudan', nativeName={eng=NameNative{official='Republic of South Sudan', common='South Sudan'}}}, currencies={SSP=Currency{name='South Sudanese pound', symbol='£'}}, capital=[Juba], languages={eng=English}, population=11193729, continents=[Africa]}
Country{name=Name{common='Honduras', official='Republic of Honduras', nativeName={spa=NameNative{official='República de Honduras', common='Honduras'}}}, currencies={HNL=Currency{name='Honduran lempira', symbol='L'}}, capital=[Tegucigalpa], languages={spa=Spanish}, population=9904608, continents=[North America]}
Country{name=Name{common='Saint Vincent and the Grenadines', official='Saint Vincent and the Grenadines', nativeName={eng=NameNative{official='Saint Vincent and the Grenadines', common='Saint Vincent and the Grenadines'}}}, currencies={XCD=Currency{name='Eastern Caribbean dollar', symbol='$'}}, capital=[Kingstown], languages={eng=English}, population=110947, continents=[North America]}
Country{name=Name{common='Sri Lanka', official='Democratic Socialist Republic of Sri Lanka', nativeName={sin=NameNative{official='ශ්‍රී ලංකා ප්‍රජාතාන්ත්‍රික සමාජවාදී ජනරජය', common='ශ්‍රී ලංකාව'}, tam=NameNative{official='இலங்கை சனநாயக சோசலிசக் குடியரசு', common='இலங்கை'}}}, currencies={LKR=Currency{name='Sri Lankan rupee', symbol='Rs  රු'}}, capital=[Sri Jayawardenepura Kotte], languages={sin=Sinhala, tam=Tamil}, population=21919000, continents=[Asia]}
Country{name=Name{common='Hong Kong', official='Hong Kong Special Administrative Region of the People's Republic of China', nativeName={eng=NameNative{official='Hong Kong Special Administrative Region of the People's Republic of China', common='Hong Kong'}, zho=NameNative{official='中华人民共和国香港特别行政区', common='香港'}}}, currencies={HKD=Currency{name='Hong Kong dollar', symbol='$'}}, capital=[City of Victoria], languages={eng=English, zho=Chinese}, population=7500700, continents=[Asia]}
]]></system-out>
  </testcase>
</testsuite>